This file contains any messages produced by compilers while
running configure, to aid debugging if configure makes a mistake.

It was created by XZ Utils configure 5.0.0, which was
generated by GNU Autoconf 2.68.  Invocation command line was

  $ ./configure --enable-encoders=arm,lzma1,lzma2 --enable-decoders=arm,lzma1,lzma2 --disable-assembler --enable-small --disable-threads --disable-xz --disable-xzdec --disable-lzmadec --disable-lzmainfo --disable-lzma-links --disable-scripts --disable-rpath --disable-nls

## --------- ##
## Platform. ##
## --------- ##

hostname = helium.cvpcs
uname -m = x86_64
uname -r = 2.6.34-tuxonice-r6
uname -s = Linux
uname -v = #1 SMP PREEMPT Sun Nov 7 12:49:44 CST 2010

/usr/bin/uname -p = Intel(R) Core(TM)2 Duo CPU T9400 @ 2.53GHz
/bin/uname -X     = unknown

/bin/arch              = unknown
/usr/bin/arch -k       = unknown
/usr/convex/getsysinfo = unknown
/usr/bin/hostinfo      = unknown
/bin/machine           = unknown
/usr/bin/oslevel       = unknown
/bin/universe          = unknown

PATH: /usr/local/bin
PATH: /usr/bin
PATH: /bin
PATH: /opt/bin
PATH: /usr/x86_64-pc-linux-gnu/armv7a-softfloat-linux-gnueabi/gcc-bin/4.4.3
PATH: /usr/x86_64-pc-linux-gnu/gcc-bin/4.4.4
PATH: //opt/android-sdk-update-manager/tools
PATH: /usr/lib64/subversion/bin
PATH: /usr/games/bin
PATH: /usr/non-portage/bin
PATH: /usr/non-portage/sbin
PATH: /usr/non-portage/usr/bin
PATH: /usr/non-portage/usr/sbin


## ----------- ##
## Core tests. ##
## ----------- ##

configure:2895: checking build system type
configure:2909: result: x86_64-unknown-linux-gnu
configure:2929: checking host system type
configure:2942: result: x86_64-unknown-linux-gnu
configure:2996: checking if debugging code should be compiled
configure:3012: result: no
configure:3052: checking which encoders to build
configure:3139: result: arm lzma1 lzma2
configure:3143: checking which decoders to build
configure:3235: result: arm lzma1 lzma2
configure:3574: checking which match finders to build
configure:3625: result: hc3 hc4 bt2 bt3 bt4
configure:3649: checking which integrity checks to build
configure:3691: result: crc32 crc64 sha256
configure:3728: checking if assembler optimizations should be used
configure:3752: result: no
configure:3783: checking if small size is preferred over speed
configure:3801: result: yes
configure:3817: checking if threading support is wanted
configure:3831: result: no
configure:3844: checking how much RAM to assume if the real amount is unknown
configure:3859: result: 128 MiB
configure:3975: checking for a shell that conforms to POSIX
configure:4016: result: /bin/sh
configure:4052: checking for a BSD-compatible install
configure:4120: result: /usr/bin/install -c
configure:4131: checking whether build environment is sane
configure:4181: result: yes
configure:4322: checking for a thread-safe mkdir -p
configure:4361: result: /bin/mkdir -p
configure:4374: checking for gawk
configure:4390: found /usr/bin/gawk
configure:4401: result: gawk
configure:4412: checking whether make sets $(MAKE)
configure:4434: result: yes
configure:4514: checking whether ln -s works
configure:4518: result: yes
configure:4538: checking for style of include used by make
configure:4566: result: GNU
configure:4636: checking for gcc
configure:4652: found /usr/bin/gcc
configure:4663: result: gcc
configure:4892: checking for C compiler version
configure:4901: gcc --version >&5
gcc (Gentoo 4.4.4-r2 p1.2, pie-0.4.5) 4.4.4
Copyright (C) 2010 Free Software Foundation, Inc.
This is free software; see the source for copying conditions.  There is NO
warranty; not even for MERCHANTABILITY or FITNESS FOR A PARTICULAR PURPOSE.

configure:4912: $? = 0
configure:4901: gcc -v >&5
Using built-in specs.
Target: x86_64-pc-linux-gnu
Configured with: /var/tmp/portage/sys-devel/gcc-4.4.4-r2/work/gcc-4.4.4/configure --prefix=/usr --bindir=/usr/x86_64-pc-linux-gnu/gcc-bin/4.4.4 --includedir=/usr/lib/gcc/x86_64-pc-linux-gnu/4.4.4/include --datadir=/usr/share/gcc-data/x86_64-pc-linux-gnu/4.4.4 --mandir=/usr/share/gcc-data/x86_64-pc-linux-gnu/4.4.4/man --infodir=/usr/share/gcc-data/x86_64-pc-linux-gnu/4.4.4/info --with-gxx-include-dir=/usr/lib/gcc/x86_64-pc-linux-gnu/4.4.4/include/g++-v4 --host=x86_64-pc-linux-gnu --build=x86_64-pc-linux-gnu --disable-altivec --disable-fixed-point --without-ppl --without-cloog --enable-nls --without-included-gettext --with-system-zlib --disable-werror --enable-secureplt --enable-multilib --enable-libmudflap --disable-libssp --enable-libgomp --with-python-dir=/share/gcc-data/x86_64-pc-linux-gnu/4.4.4/python --enable-checking=release --enable-java-awt=gtk --enable-languages=c,c++,java,fortran --enable-shared --enable-threads=posix --enable-__cxa_atexit --enable-clocale=gnu --with-bugurl=http://bugs.gentoo.org/ --with-pkgversion='Gentoo 4.4.4-r2 p1.2, pie-0.4.5'
Thread model: posix
gcc version 4.4.4 (Gentoo 4.4.4-r2 p1.2, pie-0.4.5) 
configure:4912: $? = 0
configure:4901: gcc -V >&5
gcc: '-V' option must have argument
configure:4912: $? = 1
configure:4901: gcc -qversion >&5
gcc: unrecognized option '-qversion'
gcc: no input files
configure:4912: $? = 1
configure:4932: checking whether the C compiler works
configure:4954: gcc    conftest.c  >&5
configure:4958: $? = 0
configure:5006: result: yes
configure:5009: checking for C compiler default output file name
configure:5011: result: a.out
configure:5017: checking for suffix of executables
configure:5024: gcc -o conftest    conftest.c  >&5
configure:5028: $? = 0
configure:5050: result: 
configure:5072: checking whether we are cross compiling
configure:5080: gcc -o conftest    conftest.c  >&5
configure:5084: $? = 0
configure:5091: ./conftest
configure:5095: $? = 0
configure:5110: result: no
configure:5115: checking for suffix of object files
configure:5137: gcc -c   conftest.c >&5
configure:5141: $? = 0
configure:5162: result: o
configure:5166: checking whether we are using the GNU C compiler
configure:5185: gcc -c   conftest.c >&5
configure:5185: $? = 0
configure:5194: result: yes
configure:5203: checking whether gcc accepts -g
configure:5223: gcc -c -g  conftest.c >&5
configure:5223: $? = 0
configure:5264: result: yes
configure:5281: checking for gcc option to accept ISO C89
configure:5345: gcc  -c -g -O2  conftest.c >&5
configure:5345: $? = 0
configure:5358: result: none needed
configure:5380: checking dependency style of gcc
configure:5490: result: gcc3
configure:5505: checking for gcc option to accept ISO C99
configure:5654: gcc  -c -g -O2  conftest.c >&5
conftest.c:78: error: expected ';', ',' or ')' before 'text'
conftest.c: In function 'main':
conftest.c:132: error: expected '=', ',', ';', 'asm' or '__attribute__' before 'newvar'
conftest.c:132: error: 'newvar' undeclared (first use in this function)
conftest.c:132: error: (Each undeclared identifier is reported only once
conftest.c:132: error: for each function it appears in.)
conftest.c:142: error: 'for' loop initial declarations are only allowed in C99 mode
conftest.c:142: note: use option -std=c99 or -std=gnu99 to compile your code
configure:5654: $? = 1
configure: failed program was:
| /* confdefs.h */
| #define PACKAGE_NAME "XZ Utils"
| #define PACKAGE_TARNAME "xz"
| #define PACKAGE_VERSION "5.0.0"
| #define PACKAGE_STRING "XZ Utils 5.0.0"
| #define PACKAGE_BUGREPORT "lasse.collin@tukaani.org"
| #define PACKAGE_URL "http://tukaani.org/xz/"
| #define NDEBUG 1
| #define HAVE_ENCODER_ARM 1
| #define HAVE_ENCODER_LZMA1 1
| #define HAVE_ENCODER_LZMA2 1
| #define HAVE_DECODER_ARM 1
| #define HAVE_DECODER_LZMA1 1
| #define HAVE_DECODER_LZMA2 1
| #define HAVE_MF_HC3 1
| #define HAVE_MF_HC4 1
| #define HAVE_MF_BT2 1
| #define HAVE_MF_BT3 1
| #define HAVE_MF_BT4 1
| #define HAVE_CHECK_CRC32 1
| #define HAVE_CHECK_CRC64 1
| #define HAVE_CHECK_SHA256 1
| #define HAVE_SMALL 1
| #define ASSUME_RAM 128
| #define PACKAGE "xz"
| #define VERSION "5.0.0"
| /* end confdefs.h.  */
| #include <stdarg.h>
| #include <stdbool.h>
| #include <stdlib.h>
| #include <wchar.h>
| #include <stdio.h>
| 
| // Check varargs macros.  These examples are taken from C99 6.10.3.5.
| #define debug(...) fprintf (stderr, __VA_ARGS__)
| #define showlist(...) puts (#__VA_ARGS__)
| #define report(test,...) ((test) ? puts (#test) : printf (__VA_ARGS__))
| static void
| test_varargs_macros (void)
| {
|   int x = 1234;
|   int y = 5678;
|   debug ("Flag");
|   debug ("X = %d\n", x);
|   showlist (The first, second, and third items.);
|   report (x>y, "x is %d but y is %d", x, y);
| }
| 
| // Check long long types.
| #define BIG64 18446744073709551615ull
| #define BIG32 4294967295ul
| #define BIG_OK (BIG64 / BIG32 == 4294967297ull && BIG64 % BIG32 == 0)
| #if !BIG_OK
|   your preprocessor is broken;
| #endif
| #if BIG_OK
| #else
|   your preprocessor is broken;
| #endif
| static long long int bignum = -9223372036854775807LL;
| static unsigned long long int ubignum = BIG64;
| 
| struct incomplete_array
| {
|   int datasize;
|   double data[];
| };
| 
| struct named_init {
|   int number;
|   const wchar_t *name;
|   double average;
| };
| 
| typedef const char *ccp;
| 
| static inline int
| test_restrict (ccp restrict text)
| {
|   // See if C++-style comments work.
|   // Iterate through items via the restricted pointer.
|   // Also check for declarations in for loops.
|   for (unsigned int i = 0; *(text+i) != '\0'; ++i)
|     continue;
|   return 0;
| }
| 
| // Check varargs and va_copy.
| static void
| test_varargs (const char *format, ...)
| {
|   va_list args;
|   va_start (args, format);
|   va_list args_copy;
|   va_copy (args_copy, args);
| 
|   const char *str;
|   int number;
|   float fnumber;
| 
|   while (*format)
|     {
|       switch (*format++)
| 	{
| 	case 's': // string
| 	  str = va_arg (args_copy, const char *);
| 	  break;
| 	case 'd': // int
| 	  number = va_arg (args_copy, int);
| 	  break;
| 	case 'f': // float
| 	  fnumber = va_arg (args_copy, double);
| 	  break;
| 	default:
| 	  break;
| 	}
|     }
|   va_end (args_copy);
|   va_end (args);
| }
| 
| int
| main ()
| {
| 
|   // Check bool.
|   _Bool success = false;
| 
|   // Check restrict.
|   if (test_restrict ("String literal") == 0)
|     success = true;
|   char *restrict newvar = "Another string";
| 
|   // Check varargs.
|   test_varargs ("s, d' f .", "string", 65, 34.234);
|   test_varargs_macros ();
| 
|   // Check flexible array members.
|   struct incomplete_array *ia =
|     malloc (sizeof (struct incomplete_array) + (sizeof (double) * 10));
|   ia->datasize = 10;
|   for (int i = 0; i < ia->datasize; ++i)
|     ia->data[i] = i * 1.234;
| 
|   // Check named initializers.
|   struct named_init ni = {
|     .number = 34,
|     .name = L"Test wide string",
|     .average = 543.34343,
|   };
| 
|   ni.number = 58;
| 
|   int dynamic_array[ni.number];
|   dynamic_array[ni.number - 1] = 543;
| 
|   // work around unused variable warnings
|   return (!success || bignum == 0LL || ubignum == 0uLL || newvar[0] == 'x'
| 	  || dynamic_array[ni.number - 1] != 543);
| 
|   ;
|   return 0;
| }
configure:5654: gcc -std=gnu99 -c -g -O2  conftest.c >&5
configure:5654: $? = 0
configure:5674: result: -std=gnu99
configure:5687: checking whether gcc -std=gnu99 and cc understand -c and -o together
configure:5718: gcc -std=gnu99 -c conftest.c -o conftest2.o >&5
configure:5722: $? = 0
configure:5728: gcc -std=gnu99 -c conftest.c -o conftest2.o >&5
configure:5732: $? = 0
configure:5743: cc -c conftest.c >&5
configure:5747: $? = 0
configure:5755: cc -c conftest.c -o conftest2.o >&5
configure:5759: $? = 0
configure:5765: cc -c conftest.c -o conftest2.o >&5
configure:5769: $? = 0
configure:5787: result: yes
configure:5821: checking dependency style of gcc -std=gnu99
configure:5929: result: gcc3
configure:5950: checking how to run the C preprocessor
configure:5981: gcc -std=gnu99 -E  conftest.c
configure:5981: $? = 0
configure:5995: gcc -std=gnu99 -E  conftest.c
conftest.c:28:28: error: ac_nonexistent.h: No such file or directory
configure:5995: $? = 1
configure: failed program was:
| /* confdefs.h */
| #define PACKAGE_NAME "XZ Utils"
| #define PACKAGE_TARNAME "xz"
| #define PACKAGE_VERSION "5.0.0"
| #define PACKAGE_STRING "XZ Utils 5.0.0"
| #define PACKAGE_BUGREPORT "lasse.collin@tukaani.org"
| #define PACKAGE_URL "http://tukaani.org/xz/"
| #define NDEBUG 1
| #define HAVE_ENCODER_ARM 1
| #define HAVE_ENCODER_LZMA1 1
| #define HAVE_ENCODER_LZMA2 1
| #define HAVE_DECODER_ARM 1
| #define HAVE_DECODER_LZMA1 1
| #define HAVE_DECODER_LZMA2 1
| #define HAVE_MF_HC3 1
| #define HAVE_MF_HC4 1
| #define HAVE_MF_BT2 1
| #define HAVE_MF_BT3 1
| #define HAVE_MF_BT4 1
| #define HAVE_CHECK_CRC32 1
| #define HAVE_CHECK_CRC64 1
| #define HAVE_CHECK_SHA256 1
| #define HAVE_SMALL 1
| #define ASSUME_RAM 128
| #define PACKAGE "xz"
| #define VERSION "5.0.0"
| /* end confdefs.h.  */
| #include <ac_nonexistent.h>
configure:6020: result: gcc -std=gnu99 -E
configure:6040: gcc -std=gnu99 -E  conftest.c
configure:6040: $? = 0
configure:6054: gcc -std=gnu99 -E  conftest.c
conftest.c:28:28: error: ac_nonexistent.h: No such file or directory
configure:6054: $? = 1
configure: failed program was:
| /* confdefs.h */
| #define PACKAGE_NAME "XZ Utils"
| #define PACKAGE_TARNAME "xz"
| #define PACKAGE_VERSION "5.0.0"
| #define PACKAGE_STRING "XZ Utils 5.0.0"
| #define PACKAGE_BUGREPORT "lasse.collin@tukaani.org"
| #define PACKAGE_URL "http://tukaani.org/xz/"
| #define NDEBUG 1
| #define HAVE_ENCODER_ARM 1
| #define HAVE_ENCODER_LZMA1 1
| #define HAVE_ENCODER_LZMA2 1
| #define HAVE_DECODER_ARM 1
| #define HAVE_DECODER_LZMA1 1
| #define HAVE_DECODER_LZMA2 1
| #define HAVE_MF_HC3 1
| #define HAVE_MF_HC4 1
| #define HAVE_MF_BT2 1
| #define HAVE_MF_BT3 1
| #define HAVE_MF_BT4 1
| #define HAVE_CHECK_CRC32 1
| #define HAVE_CHECK_CRC64 1
| #define HAVE_CHECK_SHA256 1
| #define HAVE_SMALL 1
| #define ASSUME_RAM 128
| #define PACKAGE "xz"
| #define VERSION "5.0.0"
| /* end confdefs.h.  */
| #include <ac_nonexistent.h>
configure:6083: checking for grep that handles long lines and -e
configure:6141: result: /bin/grep
configure:6146: checking for egrep
configure:6208: result: /bin/grep -E
configure:6213: checking for ANSI C header files
configure:6233: gcc -std=gnu99 -c -g -O2  conftest.c >&5
configure:6233: $? = 0
configure:6306: gcc -std=gnu99 -o conftest -g -O2   conftest.c  >&5
configure:6306: $? = 0
configure:6306: ./conftest
configure:6306: $? = 0
configure:6317: result: yes
configure:6330: checking for sys/types.h
configure:6330: gcc -std=gnu99 -c -g -O2  conftest.c >&5
configure:6330: $? = 0
configure:6330: result: yes
configure:6330: checking for sys/stat.h
configure:6330: gcc -std=gnu99 -c -g -O2  conftest.c >&5
configure:6330: $? = 0
configure:6330: result: yes
configure:6330: checking for stdlib.h
configure:6330: gcc -std=gnu99 -c -g -O2  conftest.c >&5
configure:6330: $? = 0
configure:6330: result: yes
configure:6330: checking for string.h
configure:6330: gcc -std=gnu99 -c -g -O2  conftest.c >&5
configure:6330: $? = 0
configure:6330: result: yes
configure:6330: checking for memory.h
configure:6330: gcc -std=gnu99 -c -g -O2  conftest.c >&5
configure:6330: $? = 0
configure:6330: result: yes
configure:6330: checking for strings.h
configure:6330: gcc -std=gnu99 -c -g -O2  conftest.c >&5
configure:6330: $? = 0
configure:6330: result: yes
configure:6330: checking for inttypes.h
configure:6330: gcc -std=gnu99 -c -g -O2  conftest.c >&5
configure:6330: $? = 0
configure:6330: result: yes
configure:6330: checking for stdint.h
configure:6330: gcc -std=gnu99 -c -g -O2  conftest.c >&5
configure:6330: $? = 0
configure:6330: result: yes
configure:6330: checking for unistd.h
configure:6330: gcc -std=gnu99 -c -g -O2  conftest.c >&5
configure:6330: $? = 0
configure:6330: result: yes
configure:6343: checking minix/config.h usability
configure:6343: gcc -std=gnu99 -c -g -O2  conftest.c >&5
conftest.c:71:26: error: minix/config.h: No such file or directory
configure:6343: $? = 1
configure: failed program was:
| /* confdefs.h */
| #define PACKAGE_NAME "XZ Utils"
| #define PACKAGE_TARNAME "xz"
| #define PACKAGE_VERSION "5.0.0"
| #define PACKAGE_STRING "XZ Utils 5.0.0"
| #define PACKAGE_BUGREPORT "lasse.collin@tukaani.org"
| #define PACKAGE_URL "http://tukaani.org/xz/"
| #define NDEBUG 1
| #define HAVE_ENCODER_ARM 1
| #define HAVE_ENCODER_LZMA1 1
| #define HAVE_ENCODER_LZMA2 1
| #define HAVE_DECODER_ARM 1
| #define HAVE_DECODER_LZMA1 1
| #define HAVE_DECODER_LZMA2 1
| #define HAVE_MF_HC3 1
| #define HAVE_MF_HC4 1
| #define HAVE_MF_BT2 1
| #define HAVE_MF_BT3 1
| #define HAVE_MF_BT4 1
| #define HAVE_CHECK_CRC32 1
| #define HAVE_CHECK_CRC64 1
| #define HAVE_CHECK_SHA256 1
| #define HAVE_SMALL 1
| #define ASSUME_RAM 128
| #define PACKAGE "xz"
| #define VERSION "5.0.0"
| #define STDC_HEADERS 1
| #define HAVE_SYS_TYPES_H 1
| #define HAVE_SYS_STAT_H 1
| #define HAVE_STDLIB_H 1
| #define HAVE_STRING_H 1
| #define HAVE_MEMORY_H 1
| #define HAVE_STRINGS_H 1
| #define HAVE_INTTYPES_H 1
| #define HAVE_STDINT_H 1
| #define HAVE_UNISTD_H 1
| /* end confdefs.h.  */
| #include <stdio.h>
| #ifdef HAVE_SYS_TYPES_H
| # include <sys/types.h>
| #endif
| #ifdef HAVE_SYS_STAT_H
| # include <sys/stat.h>
| #endif
| #ifdef STDC_HEADERS
| # include <stdlib.h>
| # include <stddef.h>
| #else
| # ifdef HAVE_STDLIB_H
| #  include <stdlib.h>
| # endif
| #endif
| #ifdef HAVE_STRING_H
| # if !defined STDC_HEADERS && defined HAVE_MEMORY_H
| #  include <memory.h>
| # endif
| # include <string.h>
| #endif
| #ifdef HAVE_STRINGS_H
| # include <strings.h>
| #endif
| #ifdef HAVE_INTTYPES_H
| # include <inttypes.h>
| #endif
| #ifdef HAVE_STDINT_H
| # include <stdint.h>
| #endif
| #ifdef HAVE_UNISTD_H
| # include <unistd.h>
| #endif
| #include <minix/config.h>
configure:6343: result: no
configure:6343: checking minix/config.h presence
configure:6343: gcc -std=gnu99 -E  conftest.c
conftest.c:38:26: error: minix/config.h: No such file or directory
configure:6343: $? = 1
configure: failed program was:
| /* confdefs.h */
| #define PACKAGE_NAME "XZ Utils"
| #define PACKAGE_TARNAME "xz"
| #define PACKAGE_VERSION "5.0.0"
| #define PACKAGE_STRING "XZ Utils 5.0.0"
| #define PACKAGE_BUGREPORT "lasse.collin@tukaani.org"
| #define PACKAGE_URL "http://tukaani.org/xz/"
| #define NDEBUG 1
| #define HAVE_ENCODER_ARM 1
| #define HAVE_ENCODER_LZMA1 1
| #define HAVE_ENCODER_LZMA2 1
| #define HAVE_DECODER_ARM 1
| #define HAVE_DECODER_LZMA1 1
| #define HAVE_DECODER_LZMA2 1
| #define HAVE_MF_HC3 1
| #define HAVE_MF_HC4 1
| #define HAVE_MF_BT2 1
| #define HAVE_MF_BT3 1
| #define HAVE_MF_BT4 1
| #define HAVE_CHECK_CRC32 1
| #define HAVE_CHECK_CRC64 1
| #define HAVE_CHECK_SHA256 1
| #define HAVE_SMALL 1
| #define ASSUME_RAM 128
| #define PACKAGE "xz"
| #define VERSION "5.0.0"
| #define STDC_HEADERS 1
| #define HAVE_SYS_TYPES_H 1
| #define HAVE_SYS_STAT_H 1
| #define HAVE_STDLIB_H 1
| #define HAVE_STRING_H 1
| #define HAVE_MEMORY_H 1
| #define HAVE_STRINGS_H 1
| #define HAVE_INTTYPES_H 1
| #define HAVE_STDINT_H 1
| #define HAVE_UNISTD_H 1
| /* end confdefs.h.  */
| #include <minix/config.h>
configure:6343: result: no
configure:6343: checking for minix/config.h
configure:6343: result: no
configure:6364: checking whether it is safe to define __EXTENSIONS__
configure:6382: gcc -std=gnu99 -c -g -O2  conftest.c >&5
configure:6382: $? = 0
configure:6389: result: yes
configure:6807: checking how to print strings
configure:6834: result: printf
configure:6855: checking for a sed that does not truncate output
configure:6919: result: /bin/sed
configure:6937: checking for fgrep
configure:6999: result: /bin/grep -F
configure:7034: checking for ld used by gcc -std=gnu99
configure:7101: result: /usr/x86_64-pc-linux-gnu/bin/ld
configure:7108: checking if the linker (/usr/x86_64-pc-linux-gnu/bin/ld) is GNU ld
configure:7123: result: yes
configure:7135: checking for BSD- or MS-compatible name lister (nm)
configure:7184: result: /usr/bin/nm -B
configure:7314: checking the name lister (/usr/bin/nm -B) interface
configure:7321: gcc -std=gnu99 -c -g -O2  conftest.c >&5
configure:7324: /usr/bin/nm -B "conftest.o"
configure:7327: output
0000000000000000 B some_variable
configure:7334: result: BSD nm
configure:7338: checking the maximum length of command line arguments
configure:7463: result: 1572864
configure:7480: checking whether the shell understands some XSI constructs
configure:7490: result: yes
configure:7494: checking whether the shell understands "+="
configure:7500: result: yes
configure:7535: checking how to convert x86_64-unknown-linux-gnu file names to x86_64-unknown-linux-gnu format
configure:7575: result: func_convert_file_noop
configure:7582: checking how to convert x86_64-unknown-linux-gnu file names to toolchain format
configure:7602: result: func_convert_file_noop
configure:7609: checking for /usr/x86_64-pc-linux-gnu/bin/ld option to reload object files
configure:7616: result: -r
configure:7690: checking for objdump
configure:7706: found /usr/bin/objdump
configure:7717: result: objdump
configure:7746: checking how to recognize dependent libraries
configure:7948: result: pass_all
configure:8033: checking for dlltool
configure:8063: result: no
configure:8090: checking how to associate runtime and link libraries
configure:8117: result: printf %s\n
configure:8177: checking for ar
configure:8193: found /usr/bin/ar
configure:8204: result: ar
configure:8241: checking for archiver @FILE support
configure:8258: gcc -std=gnu99 -c -g -O2  conftest.c >&5
configure:8258: $? = 0
configure:8261: ar cru libconftest.a @conftest.lst >&5
configure:8264: $? = 0
configure:8269: ar cru libconftest.a @conftest.lst >&5
ar: conftest.o: No such file or directory
configure:8272: $? = 1
configure:8284: result: @
configure:8342: checking for strip
configure:8358: found /usr/bin/strip
configure:8369: result: strip
configure:8441: checking for ranlib
configure:8457: found /usr/bin/ranlib
configure:8468: result: ranlib
configure:8570: checking command to parse /usr/bin/nm -B output from gcc -std=gnu99 object
configure:8689: gcc -std=gnu99 -c -g -O2  conftest.c >&5
configure:8692: $? = 0
configure:8696: /usr/bin/nm -B conftest.o \| sed -n -e 's/^.*[ ]\([ABCDGIRSTW][ABCDGIRSTW]*\)[ ][ ]*\([_A-Za-z][_A-Za-z0-9]*\)$/\1 \2 \2/p' | sed '/ __gnu_lto/d' \> conftest.nm
configure:8699: $? = 0
configure:8765: gcc -std=gnu99 -o conftest -g -O2   conftest.c conftstm.o >&5
configure:8768: $? = 0
configure:8806: result: ok
configure:8843: checking for sysroot
configure:8873: result: no
configure:8950: gcc -std=gnu99 -c -g -O2  conftest.c >&5
configure:8953: $? = 0
configure:9116: checking for mt
configure:9146: result: no
configure:9166: checking if : is a manifest tool
configure:9172: : '-?'
configure:9180: result: no
configure:9809: checking for dlfcn.h
configure:9809: gcc -std=gnu99 -c -g -O2  conftest.c >&5
configure:9809: $? = 0
configure:9809: result: yes
configure:10294: checking for objdir
configure:10309: result: .libs
configure:10580: checking if gcc -std=gnu99 supports -fno-rtti -fno-exceptions
configure:10598: gcc -std=gnu99 -c -g -O2  -fno-rtti -fno-exceptions conftest.c >&5
cc1: warning: command line option "-fno-rtti" is valid for C++/ObjC++ but not for C
configure:10602: $? = 0
configure:10615: result: no
configure:10925: checking for gcc -std=gnu99 option to produce PIC
configure:10932: result: -fPIC -DPIC
configure:10940: checking if gcc -std=gnu99 PIC flag -fPIC -DPIC works
configure:10958: gcc -std=gnu99 -c -g -O2  -fPIC -DPIC -DPIC conftest.c >&5
configure:10962: $? = 0
configure:10975: result: yes
configure:11004: checking if gcc -std=gnu99 static flag -static works
configure:11032: result: yes
configure:11047: checking if gcc -std=gnu99 supports -c -o file.o
configure:11068: gcc -std=gnu99 -c -g -O2  -o out/conftest2.o conftest.c >&5
configure:11072: $? = 0
configure:11094: result: yes
configure:11102: checking if gcc -std=gnu99 supports -c -o file.o
configure:11149: result: yes
configure:11182: checking whether the gcc -std=gnu99 linker (/usr/x86_64-pc-linux-gnu/bin/ld -m elf_x86_64) supports shared libraries
configure:12340: result: yes
configure:12377: checking whether -lc should be explicitly linked in
configure:12385: gcc -std=gnu99 -c -g -O2  conftest.c >&5
configure:12388: $? = 0
configure:12403: gcc -std=gnu99 -shared  -fPIC -DPIC conftest.o  -v -Wl,-soname -Wl,conftest -o conftest 2\>\&1 \| /bin/grep  -lc  \>/dev/null 2\>\&1
configure:12406: $? = 0
configure:12420: result: no
configure:12585: checking dynamic linker characteristics
configure:13099: gcc -std=gnu99 -o conftest -g -O2   -Wl,-rpath -Wl,/foo conftest.c  >&5
configure:13099: $? = 0
configure:13321: result: GNU/Linux ld.so
configure:13428: checking how to hardcode library paths into programs
configure:13453: result: immediate
configure:13993: checking whether stripping libraries is possible
configure:13998: result: yes
configure:14033: checking if libtool supports shared libraries
configure:14035: result: yes
configure:14038: checking whether to build shared libraries
configure:14059: result: yes
configure:14062: checking whether to build static libraries
configure:14066: result: yes
configure:14144: checking for windres
configure:14174: result: no
configure:14301: checking whether NLS is requested
configure:14310: result: no
configure:14348: checking for msgfmt
configure: trying /usr/bin/msgfmt...
0 translated messages.
configure:14380: result: /usr/bin/msgfmt
configure:14389: checking for gmsgfmt
configure:14407: found /usr/bin/gmsgfmt
configure:14420: result: /usr/bin/gmsgfmt
configure:14471: checking for xgettext
configure: trying /usr/bin/xgettext...
/usr/bin/xgettext: warning: file `/dev/null' extension `' is unknown; will try C
configure:14503: result: /usr/bin/xgettext
configure:14549: checking for msgmerge
configure: trying /usr/bin/msgmerge...
configure:14580: result: /usr/bin/msgmerge
configure:14634: checking for ld used by GCC
configure:14698: result: /usr/x86_64-pc-linux-gnu/bin/ld -m elf_x86_64
configure:14705: checking if the linker (/usr/x86_64-pc-linux-gnu/bin/ld -m elf_x86_64) is GNU ld
configure:14718: result: yes
configure:14725: checking for shared library run path origin
configure:14738: result: done
configure:15195: checking for CFPreferencesCopyAppValue
configure:15213: gcc -std=gnu99 -o conftest -g -O2   conftest.c  -Wl,-framework -Wl,CoreFoundation >&5
conftest.c:45:42: error: CoreFoundation/CFPreferences.h: No such file or directory
conftest.c: In function 'main':
conftest.c:49: warning: implicit declaration of function 'CFPreferencesCopyAppValue'
conftest.c:49: error: 'NULL' undeclared (first use in this function)
conftest.c:49: error: (Each undeclared identifier is reported only once
conftest.c:49: error: for each function it appears in.)
configure:15213: $? = 1
configure: failed program was:
| /* confdefs.h */
| #define PACKAGE_NAME "XZ Utils"
| #define PACKAGE_TARNAME "xz"
| #define PACKAGE_VERSION "5.0.0"
| #define PACKAGE_STRING "XZ Utils 5.0.0"
| #define PACKAGE_BUGREPORT "lasse.collin@tukaani.org"
| #define PACKAGE_URL "http://tukaani.org/xz/"
| #define NDEBUG 1
| #define HAVE_ENCODER_ARM 1
| #define HAVE_ENCODER_LZMA1 1
| #define HAVE_ENCODER_LZMA2 1
| #define HAVE_DECODER_ARM 1
| #define HAVE_DECODER_LZMA1 1
| #define HAVE_DECODER_LZMA2 1
| #define HAVE_MF_HC3 1
| #define HAVE_MF_HC4 1
| #define HAVE_MF_BT2 1
| #define HAVE_MF_BT3 1
| #define HAVE_MF_BT4 1
| #define HAVE_CHECK_CRC32 1
| #define HAVE_CHECK_CRC64 1
| #define HAVE_CHECK_SHA256 1
| #define HAVE_SMALL 1
| #define ASSUME_RAM 128
| #define PACKAGE "xz"
| #define VERSION "5.0.0"
| #define STDC_HEADERS 1
| #define HAVE_SYS_TYPES_H 1
| #define HAVE_SYS_STAT_H 1
| #define HAVE_STDLIB_H 1
| #define HAVE_STRING_H 1
| #define HAVE_MEMORY_H 1
| #define HAVE_STRINGS_H 1
| #define HAVE_INTTYPES_H 1
| #define HAVE_STDINT_H 1
| #define HAVE_UNISTD_H 1
| #define __EXTENSIONS__ 1
| #define _ALL_SOURCE 1
| #define _GNU_SOURCE 1
| #define _POSIX_PTHREAD_SEMANTICS 1
| #define _TANDEM_SOURCE 1
| #define HAVE_DLFCN_H 1
| #define LT_OBJDIR ".libs/"
| /* end confdefs.h.  */
| #include <CoreFoundation/CFPreferences.h>
| int
| main ()
| {
| CFPreferencesCopyAppValue(NULL, NULL)
|   ;
|   return 0;
| }
configure:15222: result: no
configure:15229: checking for CFLocaleCopyCurrent
configure:15247: gcc -std=gnu99 -o conftest -g -O2   conftest.c  -Wl,-framework -Wl,CoreFoundation >&5
conftest.c:45:37: error: CoreFoundation/CFLocale.h: No such file or directory
conftest.c: In function 'main':
conftest.c:49: warning: implicit declaration of function 'CFLocaleCopyCurrent'
configure:15247: $? = 1
configure: failed program was:
| /* confdefs.h */
| #define PACKAGE_NAME "XZ Utils"
| #define PACKAGE_TARNAME "xz"
| #define PACKAGE_VERSION "5.0.0"
| #define PACKAGE_STRING "XZ Utils 5.0.0"
| #define PACKAGE_BUGREPORT "lasse.collin@tukaani.org"
| #define PACKAGE_URL "http://tukaani.org/xz/"
| #define NDEBUG 1
| #define HAVE_ENCODER_ARM 1
| #define HAVE_ENCODER_LZMA1 1
| #define HAVE_ENCODER_LZMA2 1
| #define HAVE_DECODER_ARM 1
| #define HAVE_DECODER_LZMA1 1
| #define HAVE_DECODER_LZMA2 1
| #define HAVE_MF_HC3 1
| #define HAVE_MF_HC4 1
| #define HAVE_MF_BT2 1
| #define HAVE_MF_BT3 1
| #define HAVE_MF_BT4 1
| #define HAVE_CHECK_CRC32 1
| #define HAVE_CHECK_CRC64 1
| #define HAVE_CHECK_SHA256 1
| #define HAVE_SMALL 1
| #define ASSUME_RAM 128
| #define PACKAGE "xz"
| #define VERSION "5.0.0"
| #define STDC_HEADERS 1
| #define HAVE_SYS_TYPES_H 1
| #define HAVE_SYS_STAT_H 1
| #define HAVE_STDLIB_H 1
| #define HAVE_STRING_H 1
| #define HAVE_MEMORY_H 1
| #define HAVE_STRINGS_H 1
| #define HAVE_INTTYPES_H 1
| #define HAVE_STDINT_H 1
| #define HAVE_UNISTD_H 1
| #define __EXTENSIONS__ 1
| #define _ALL_SOURCE 1
| #define _GNU_SOURCE 1
| #define _POSIX_PTHREAD_SEMANTICS 1
| #define _TANDEM_SOURCE 1
| #define HAVE_DLFCN_H 1
| #define LT_OBJDIR ".libs/"
| /* end confdefs.h.  */
| #include <CoreFoundation/CFLocale.h>
| int
| main ()
| {
| CFLocaleCopyCurrent();
|   ;
|   return 0;
| }
configure:15256: result: no
configure:15940: checking whether to use NLS
configure:15942: result: no
configure:16026: checking fcntl.h usability
configure:16026: gcc -std=gnu99 -c -g -O2  conftest.c >&5
configure:16026: $? = 0
configure:16026: result: yes
configure:16026: checking fcntl.h presence
configure:16026: gcc -std=gnu99 -E  conftest.c
configure:16026: $? = 0
configure:16026: result: yes
configure:16026: checking for fcntl.h
configure:16026: result: yes
configure:16026: checking limits.h usability
configure:16026: gcc -std=gnu99 -c -g -O2  conftest.c >&5
configure:16026: $? = 0
configure:16026: result: yes
configure:16026: checking limits.h presence
configure:16026: gcc -std=gnu99 -E  conftest.c
configure:16026: $? = 0
configure:16026: result: yes
configure:16026: checking for limits.h
configure:16026: result: yes
configure:16026: checking sys/time.h usability
configure:16026: gcc -std=gnu99 -c -g -O2  conftest.c >&5
configure:16026: $? = 0
configure:16026: result: yes
configure:16026: checking sys/time.h presence
configure:16026: gcc -std=gnu99 -E  conftest.c
configure:16026: $? = 0
configure:16026: result: yes
configure:16026: checking for sys/time.h
configure:16026: result: yes
configure:16045: checking for stdbool.h that conforms to C99
configure:16112: gcc -std=gnu99 -c -g -O2  conftest.c >&5
configure:16112: $? = 0
configure:16119: result: yes
configure:16121: checking for _Bool
configure:16121: gcc -std=gnu99 -c -g -O2  conftest.c >&5
configure:16121: $? = 0
configure:16121: gcc -std=gnu99 -c -g -O2  conftest.c >&5
conftest.c: In function 'main':
conftest.c:84: error: expected expression before ')' token
configure:16121: $? = 1
configure: failed program was:
| /* confdefs.h */
| #define PACKAGE_NAME "XZ Utils"
| #define PACKAGE_TARNAME "xz"
| #define PACKAGE_VERSION "5.0.0"
| #define PACKAGE_STRING "XZ Utils 5.0.0"
| #define PACKAGE_BUGREPORT "lasse.collin@tukaani.org"
| #define PACKAGE_URL "http://tukaani.org/xz/"
| #define NDEBUG 1
| #define HAVE_ENCODER_ARM 1
| #define HAVE_ENCODER_LZMA1 1
| #define HAVE_ENCODER_LZMA2 1
| #define HAVE_DECODER_ARM 1
| #define HAVE_DECODER_LZMA1 1
| #define HAVE_DECODER_LZMA2 1
| #define HAVE_MF_HC3 1
| #define HAVE_MF_HC4 1
| #define HAVE_MF_BT2 1
| #define HAVE_MF_BT3 1
| #define HAVE_MF_BT4 1
| #define HAVE_CHECK_CRC32 1
| #define HAVE_CHECK_CRC64 1
| #define HAVE_CHECK_SHA256 1
| #define HAVE_SMALL 1
| #define ASSUME_RAM 128
| #define PACKAGE "xz"
| #define VERSION "5.0.0"
| #define STDC_HEADERS 1
| #define HAVE_SYS_TYPES_H 1
| #define HAVE_SYS_STAT_H 1
| #define HAVE_STDLIB_H 1
| #define HAVE_STRING_H 1
| #define HAVE_MEMORY_H 1
| #define HAVE_STRINGS_H 1
| #define HAVE_INTTYPES_H 1
| #define HAVE_STDINT_H 1
| #define HAVE_UNISTD_H 1
| #define __EXTENSIONS__ 1
| #define _ALL_SOURCE 1
| #define _GNU_SOURCE 1
| #define _POSIX_PTHREAD_SEMANTICS 1
| #define _TANDEM_SOURCE 1
| #define HAVE_DLFCN_H 1
| #define LT_OBJDIR ".libs/"
| #define HAVE_FCNTL_H 1
| #define HAVE_LIMITS_H 1
| #define HAVE_SYS_TIME_H 1
| /* end confdefs.h.  */
| #include <stdio.h>
| #ifdef HAVE_SYS_TYPES_H
| # include <sys/types.h>
| #endif
| #ifdef HAVE_SYS_STAT_H
| # include <sys/stat.h>
| #endif
| #ifdef STDC_HEADERS
| # include <stdlib.h>
| # include <stddef.h>
| #else
| # ifdef HAVE_STDLIB_H
| #  include <stdlib.h>
| # endif
| #endif
| #ifdef HAVE_STRING_H
| # if !defined STDC_HEADERS && defined HAVE_MEMORY_H
| #  include <memory.h>
| # endif
| # include <string.h>
| #endif
| #ifdef HAVE_STRINGS_H
| # include <strings.h>
| #endif
| #ifdef HAVE_INTTYPES_H
| # include <inttypes.h>
| #endif
| #ifdef HAVE_STDINT_H
| # include <stdint.h>
| #endif
| #ifdef HAVE_UNISTD_H
| # include <unistd.h>
| #endif
| int
| main ()
| {
| if (sizeof ((_Bool)))
| 	    return 0;
|   ;
|   return 0;
| }
configure:16121: result: yes
configure:16138: checking for uint8_t
configure:16138: gcc -std=gnu99 -c -g -O2  conftest.c >&5
configure:16138: $? = 0
configure:16138: result: yes
configure:16152: checking for uint16_t
configure:16152: gcc -std=gnu99 -c -g -O2  conftest.c >&5
configure:16152: $? = 0
configure:16152: result: yes
configure:16164: checking for int32_t
configure:16164: gcc -std=gnu99 -c -g -O2  conftest.c >&5
configure:16164: $? = 0
configure:16164: gcc -std=gnu99 -c -g -O2  conftest.c >&5
conftest.c: In function 'main':
conftest.c:88: warning: integer overflow in expression
conftest.c:88: error: size of array 'test_array' is negative
configure:16164: $? = 1
configure: failed program was:
| /* confdefs.h */
| #define PACKAGE_NAME "XZ Utils"
| #define PACKAGE_TARNAME "xz"
| #define PACKAGE_VERSION "5.0.0"
| #define PACKAGE_STRING "XZ Utils 5.0.0"
| #define PACKAGE_BUGREPORT "lasse.collin@tukaani.org"
| #define PACKAGE_URL "http://tukaani.org/xz/"
| #define NDEBUG 1
| #define HAVE_ENCODER_ARM 1
| #define HAVE_ENCODER_LZMA1 1
| #define HAVE_ENCODER_LZMA2 1
| #define HAVE_DECODER_ARM 1
| #define HAVE_DECODER_LZMA1 1
| #define HAVE_DECODER_LZMA2 1
| #define HAVE_MF_HC3 1
| #define HAVE_MF_HC4 1
| #define HAVE_MF_BT2 1
| #define HAVE_MF_BT3 1
| #define HAVE_MF_BT4 1
| #define HAVE_CHECK_CRC32 1
| #define HAVE_CHECK_CRC64 1
| #define HAVE_CHECK_SHA256 1
| #define HAVE_SMALL 1
| #define ASSUME_RAM 128
| #define PACKAGE "xz"
| #define VERSION "5.0.0"
| #define STDC_HEADERS 1
| #define HAVE_SYS_TYPES_H 1
| #define HAVE_SYS_STAT_H 1
| #define HAVE_STDLIB_H 1
| #define HAVE_STRING_H 1
| #define HAVE_MEMORY_H 1
| #define HAVE_STRINGS_H 1
| #define HAVE_INTTYPES_H 1
| #define HAVE_STDINT_H 1
| #define HAVE_UNISTD_H 1
| #define __EXTENSIONS__ 1
| #define _ALL_SOURCE 1
| #define _GNU_SOURCE 1
| #define _POSIX_PTHREAD_SEMANTICS 1
| #define _TANDEM_SOURCE 1
| #define HAVE_DLFCN_H 1
| #define LT_OBJDIR ".libs/"
| #define HAVE_FCNTL_H 1
| #define HAVE_LIMITS_H 1
| #define HAVE_SYS_TIME_H 1
| #define HAVE__BOOL 1
| #define HAVE_STDBOOL_H 1
| /* end confdefs.h.  */
| #include <stdio.h>
| #ifdef HAVE_SYS_TYPES_H
| # include <sys/types.h>
| #endif
| #ifdef HAVE_SYS_STAT_H
| # include <sys/stat.h>
| #endif
| #ifdef STDC_HEADERS
| # include <stdlib.h>
| # include <stddef.h>
| #else
| # ifdef HAVE_STDLIB_H
| #  include <stdlib.h>
| # endif
| #endif
| #ifdef HAVE_STRING_H
| # if !defined STDC_HEADERS && defined HAVE_MEMORY_H
| #  include <memory.h>
| # endif
| # include <string.h>
| #endif
| #ifdef HAVE_STRINGS_H
| # include <strings.h>
| #endif
| #ifdef HAVE_INTTYPES_H
| # include <inttypes.h>
| #endif
| #ifdef HAVE_STDINT_H
| # include <stdint.h>
| #endif
| #ifdef HAVE_UNISTD_H
| # include <unistd.h>
| #endif
| 	        enum { N = 32 / 2 - 1 };
| int
| main ()
| {
| static int test_array [1 - 2 * !((int32_t) (((((int32_t) 1 << N) << N) - 1) * 2 + 1)
| 		 < (int32_t) (((((int32_t) 1 << N) << N) - 1) * 2 + 2))];
| test_array [0] = 0
| 
|   ;
|   return 0;
| }
configure:16164: result: yes
configure:16175: checking for uint32_t
configure:16175: gcc -std=gnu99 -c -g -O2  conftest.c >&5
configure:16175: $? = 0
configure:16175: result: yes
configure:16189: checking for int64_t
configure:16189: gcc -std=gnu99 -c -g -O2  conftest.c >&5
configure:16189: $? = 0
configure:16189: gcc -std=gnu99 -c -g -O2  conftest.c >&5
conftest.c: In function 'main':
conftest.c:88: warning: integer overflow in expression
conftest.c:88: error: size of array 'test_array' is negative
configure:16189: $? = 1
configure: failed program was:
| /* confdefs.h */
| #define PACKAGE_NAME "XZ Utils"
| #define PACKAGE_TARNAME "xz"
| #define PACKAGE_VERSION "5.0.0"
| #define PACKAGE_STRING "XZ Utils 5.0.0"
| #define PACKAGE_BUGREPORT "lasse.collin@tukaani.org"
| #define PACKAGE_URL "http://tukaani.org/xz/"
| #define NDEBUG 1
| #define HAVE_ENCODER_ARM 1
| #define HAVE_ENCODER_LZMA1 1
| #define HAVE_ENCODER_LZMA2 1
| #define HAVE_DECODER_ARM 1
| #define HAVE_DECODER_LZMA1 1
| #define HAVE_DECODER_LZMA2 1
| #define HAVE_MF_HC3 1
| #define HAVE_MF_HC4 1
| #define HAVE_MF_BT2 1
| #define HAVE_MF_BT3 1
| #define HAVE_MF_BT4 1
| #define HAVE_CHECK_CRC32 1
| #define HAVE_CHECK_CRC64 1
| #define HAVE_CHECK_SHA256 1
| #define HAVE_SMALL 1
| #define ASSUME_RAM 128
| #define PACKAGE "xz"
| #define VERSION "5.0.0"
| #define STDC_HEADERS 1
| #define HAVE_SYS_TYPES_H 1
| #define HAVE_SYS_STAT_H 1
| #define HAVE_STDLIB_H 1
| #define HAVE_STRING_H 1
| #define HAVE_MEMORY_H 1
| #define HAVE_STRINGS_H 1
| #define HAVE_INTTYPES_H 1
| #define HAVE_STDINT_H 1
| #define HAVE_UNISTD_H 1
| #define __EXTENSIONS__ 1
| #define _ALL_SOURCE 1
| #define _GNU_SOURCE 1
| #define _POSIX_PTHREAD_SEMANTICS 1
| #define _TANDEM_SOURCE 1
| #define HAVE_DLFCN_H 1
| #define LT_OBJDIR ".libs/"
| #define HAVE_FCNTL_H 1
| #define HAVE_LIMITS_H 1
| #define HAVE_SYS_TIME_H 1
| #define HAVE__BOOL 1
| #define HAVE_STDBOOL_H 1
| /* end confdefs.h.  */
| #include <stdio.h>
| #ifdef HAVE_SYS_TYPES_H
| # include <sys/types.h>
| #endif
| #ifdef HAVE_SYS_STAT_H
| # include <sys/stat.h>
| #endif
| #ifdef STDC_HEADERS
| # include <stdlib.h>
| # include <stddef.h>
| #else
| # ifdef HAVE_STDLIB_H
| #  include <stdlib.h>
| # endif
| #endif
| #ifdef HAVE_STRING_H
| # if !defined STDC_HEADERS && defined HAVE_MEMORY_H
| #  include <memory.h>
| # endif
| # include <string.h>
| #endif
| #ifdef HAVE_STRINGS_H
| # include <strings.h>
| #endif
| #ifdef HAVE_INTTYPES_H
| # include <inttypes.h>
| #endif
| #ifdef HAVE_STDINT_H
| # include <stdint.h>
| #endif
| #ifdef HAVE_UNISTD_H
| # include <unistd.h>
| #endif
| 	        enum { N = 64 / 2 - 1 };
| int
| main ()
| {
| static int test_array [1 - 2 * !((int64_t) (((((int64_t) 1 << N) << N) - 1) * 2 + 1)
| 		 < (int64_t) (((((int64_t) 1 << N) << N) - 1) * 2 + 2))];
| test_array [0] = 0
| 
|   ;
|   return 0;
| }
configure:16189: result: yes
configure:16200: checking for uint64_t
configure:16200: gcc -std=gnu99 -c -g -O2  conftest.c >&5
configure:16200: $? = 0
configure:16200: result: yes
configure:16215: checking for uintptr_t
configure:16215: gcc -std=gnu99 -c -g -O2  conftest.c >&5
configure:16215: $? = 0
configure:16215: gcc -std=gnu99 -c -g -O2  conftest.c >&5
conftest.c: In function 'main':
conftest.c:86: error: expected expression before ')' token
configure:16215: $? = 1
configure: failed program was:
| /* confdefs.h */
| #define PACKAGE_NAME "XZ Utils"
| #define PACKAGE_TARNAME "xz"
| #define PACKAGE_VERSION "5.0.0"
| #define PACKAGE_STRING "XZ Utils 5.0.0"
| #define PACKAGE_BUGREPORT "lasse.collin@tukaani.org"
| #define PACKAGE_URL "http://tukaani.org/xz/"
| #define NDEBUG 1
| #define HAVE_ENCODER_ARM 1
| #define HAVE_ENCODER_LZMA1 1
| #define HAVE_ENCODER_LZMA2 1
| #define HAVE_DECODER_ARM 1
| #define HAVE_DECODER_LZMA1 1
| #define HAVE_DECODER_LZMA2 1
| #define HAVE_MF_HC3 1
| #define HAVE_MF_HC4 1
| #define HAVE_MF_BT2 1
| #define HAVE_MF_BT3 1
| #define HAVE_MF_BT4 1
| #define HAVE_CHECK_CRC32 1
| #define HAVE_CHECK_CRC64 1
| #define HAVE_CHECK_SHA256 1
| #define HAVE_SMALL 1
| #define ASSUME_RAM 128
| #define PACKAGE "xz"
| #define VERSION "5.0.0"
| #define STDC_HEADERS 1
| #define HAVE_SYS_TYPES_H 1
| #define HAVE_SYS_STAT_H 1
| #define HAVE_STDLIB_H 1
| #define HAVE_STRING_H 1
| #define HAVE_MEMORY_H 1
| #define HAVE_STRINGS_H 1
| #define HAVE_INTTYPES_H 1
| #define HAVE_STDINT_H 1
| #define HAVE_UNISTD_H 1
| #define __EXTENSIONS__ 1
| #define _ALL_SOURCE 1
| #define _GNU_SOURCE 1
| #define _POSIX_PTHREAD_SEMANTICS 1
| #define _TANDEM_SOURCE 1
| #define HAVE_DLFCN_H 1
| #define LT_OBJDIR ".libs/"
| #define HAVE_FCNTL_H 1
| #define HAVE_LIMITS_H 1
| #define HAVE_SYS_TIME_H 1
| #define HAVE__BOOL 1
| #define HAVE_STDBOOL_H 1
| /* end confdefs.h.  */
| #include <stdio.h>
| #ifdef HAVE_SYS_TYPES_H
| # include <sys/types.h>
| #endif
| #ifdef HAVE_SYS_STAT_H
| # include <sys/stat.h>
| #endif
| #ifdef STDC_HEADERS
| # include <stdlib.h>
| # include <stddef.h>
| #else
| # ifdef HAVE_STDLIB_H
| #  include <stdlib.h>
| # endif
| #endif
| #ifdef HAVE_STRING_H
| # if !defined STDC_HEADERS && defined HAVE_MEMORY_H
| #  include <memory.h>
| # endif
| # include <string.h>
| #endif
| #ifdef HAVE_STRINGS_H
| # include <strings.h>
| #endif
| #ifdef HAVE_INTTYPES_H
| # include <inttypes.h>
| #endif
| #ifdef HAVE_STDINT_H
| # include <stdint.h>
| #endif
| #ifdef HAVE_UNISTD_H
| # include <unistd.h>
| #endif
| int
| main ()
| {
| if (sizeof ((uintptr_t)))
| 	    return 0;
|   ;
|   return 0;
| }
configure:16215: result: yes
configure:16255: checking size of size_t
configure:16260: gcc -std=gnu99 -o conftest -g -O2   conftest.c  >&5
configure:16260: $? = 0
configure:16260: ./conftest
configure:16260: $? = 0
configure:16274: result: 8
configure:16288: checking for struct stat.st_atim.tv_nsec
configure:16288: gcc -std=gnu99 -c -g -O2  conftest.c >&5
configure:16288: $? = 0
configure:16288: result: yes
configure:16297: checking for struct stat.st_atimespec.tv_nsec
configure:16297: gcc -std=gnu99 -c -g -O2  conftest.c >&5
conftest.c: In function 'main':
conftest.c:90: error: 'struct stat' has no member named 'st_atimespec'
configure:16297: $? = 1
configure: failed program was:
| /* confdefs.h */
| #define PACKAGE_NAME "XZ Utils"
| #define PACKAGE_TARNAME "xz"
| #define PACKAGE_VERSION "5.0.0"
| #define PACKAGE_STRING "XZ Utils 5.0.0"
| #define PACKAGE_BUGREPORT "lasse.collin@tukaani.org"
| #define PACKAGE_URL "http://tukaani.org/xz/"
| #define NDEBUG 1
| #define HAVE_ENCODER_ARM 1
| #define HAVE_ENCODER_LZMA1 1
| #define HAVE_ENCODER_LZMA2 1
| #define HAVE_DECODER_ARM 1
| #define HAVE_DECODER_LZMA1 1
| #define HAVE_DECODER_LZMA2 1
| #define HAVE_MF_HC3 1
| #define HAVE_MF_HC4 1
| #define HAVE_MF_BT2 1
| #define HAVE_MF_BT3 1
| #define HAVE_MF_BT4 1
| #define HAVE_CHECK_CRC32 1
| #define HAVE_CHECK_CRC64 1
| #define HAVE_CHECK_SHA256 1
| #define HAVE_SMALL 1
| #define ASSUME_RAM 128
| #define PACKAGE "xz"
| #define VERSION "5.0.0"
| #define STDC_HEADERS 1
| #define HAVE_SYS_TYPES_H 1
| #define HAVE_SYS_STAT_H 1
| #define HAVE_STDLIB_H 1
| #define HAVE_STRING_H 1
| #define HAVE_MEMORY_H 1
| #define HAVE_STRINGS_H 1
| #define HAVE_INTTYPES_H 1
| #define HAVE_STDINT_H 1
| #define HAVE_UNISTD_H 1
| #define __EXTENSIONS__ 1
| #define _ALL_SOURCE 1
| #define _GNU_SOURCE 1
| #define _POSIX_PTHREAD_SEMANTICS 1
| #define _TANDEM_SOURCE 1
| #define HAVE_DLFCN_H 1
| #define LT_OBJDIR ".libs/"
| #define HAVE_FCNTL_H 1
| #define HAVE_LIMITS_H 1
| #define HAVE_SYS_TIME_H 1
| #define HAVE__BOOL 1
| #define HAVE_STDBOOL_H 1
| #define HAVE_UINTPTR_T 1
| #define SIZEOF_SIZE_T 8
| #define HAVE_STRUCT_STAT_ST_ATIM_TV_NSEC 1
| /* end confdefs.h.  */
| #include <stdio.h>
| #ifdef HAVE_SYS_TYPES_H
| # include <sys/types.h>
| #endif
| #ifdef HAVE_SYS_STAT_H
| # include <sys/stat.h>
| #endif
| #ifdef STDC_HEADERS
| # include <stdlib.h>
| # include <stddef.h>
| #else
| # ifdef HAVE_STDLIB_H
| #  include <stdlib.h>
| # endif
| #endif
| #ifdef HAVE_STRING_H
| # if !defined STDC_HEADERS && defined HAVE_MEMORY_H
| #  include <memory.h>
| # endif
| # include <string.h>
| #endif
| #ifdef HAVE_STRINGS_H
| # include <strings.h>
| #endif
| #ifdef HAVE_INTTYPES_H
| # include <inttypes.h>
| #endif
| #ifdef HAVE_STDINT_H
| # include <stdint.h>
| #endif
| #ifdef HAVE_UNISTD_H
| # include <unistd.h>
| #endif
| int
| main ()
| {
| static struct stat ac_aggr;
| if (ac_aggr.st_atimespec.tv_nsec)
| return 0;
|   ;
|   return 0;
| }
configure:16297: gcc -std=gnu99 -c -g -O2  conftest.c >&5
conftest.c: In function 'main':
conftest.c:90: error: 'struct stat' has no member named 'st_atimespec'
configure:16297: $? = 1
configure: failed program was:
| /* confdefs.h */
| #define PACKAGE_NAME "XZ Utils"
| #define PACKAGE_TARNAME "xz"
| #define PACKAGE_VERSION "5.0.0"
| #define PACKAGE_STRING "XZ Utils 5.0.0"
| #define PACKAGE_BUGREPORT "lasse.collin@tukaani.org"
| #define PACKAGE_URL "http://tukaani.org/xz/"
| #define NDEBUG 1
| #define HAVE_ENCODER_ARM 1
| #define HAVE_ENCODER_LZMA1 1
| #define HAVE_ENCODER_LZMA2 1
| #define HAVE_DECODER_ARM 1
| #define HAVE_DECODER_LZMA1 1
| #define HAVE_DECODER_LZMA2 1
| #define HAVE_MF_HC3 1
| #define HAVE_MF_HC4 1
| #define HAVE_MF_BT2 1
| #define HAVE_MF_BT3 1
| #define HAVE_MF_BT4 1
| #define HAVE_CHECK_CRC32 1
| #define HAVE_CHECK_CRC64 1
| #define HAVE_CHECK_SHA256 1
| #define HAVE_SMALL 1
| #define ASSUME_RAM 128
| #define PACKAGE "xz"
| #define VERSION "5.0.0"
| #define STDC_HEADERS 1
| #define HAVE_SYS_TYPES_H 1
| #define HAVE_SYS_STAT_H 1
| #define HAVE_STDLIB_H 1
| #define HAVE_STRING_H 1
| #define HAVE_MEMORY_H 1
| #define HAVE_STRINGS_H 1
| #define HAVE_INTTYPES_H 1
| #define HAVE_STDINT_H 1
| #define HAVE_UNISTD_H 1
| #define __EXTENSIONS__ 1
| #define _ALL_SOURCE 1
| #define _GNU_SOURCE 1
| #define _POSIX_PTHREAD_SEMANTICS 1
| #define _TANDEM_SOURCE 1
| #define HAVE_DLFCN_H 1
| #define LT_OBJDIR ".libs/"
| #define HAVE_FCNTL_H 1
| #define HAVE_LIMITS_H 1
| #define HAVE_SYS_TIME_H 1
| #define HAVE__BOOL 1
| #define HAVE_STDBOOL_H 1
| #define HAVE_UINTPTR_T 1
| #define SIZEOF_SIZE_T 8
| #define HAVE_STRUCT_STAT_ST_ATIM_TV_NSEC 1
| /* end confdefs.h.  */
| #include <stdio.h>
| #ifdef HAVE_SYS_TYPES_H
| # include <sys/types.h>
| #endif
| #ifdef HAVE_SYS_STAT_H
| # include <sys/stat.h>
| #endif
| #ifdef STDC_HEADERS
| # include <stdlib.h>
| # include <stddef.h>
| #else
| # ifdef HAVE_STDLIB_H
| #  include <stdlib.h>
| # endif
| #endif
| #ifdef HAVE_STRING_H
| # if !defined STDC_HEADERS && defined HAVE_MEMORY_H
| #  include <memory.h>
| # endif
| # include <string.h>
| #endif
| #ifdef HAVE_STRINGS_H
| # include <strings.h>
| #endif
| #ifdef HAVE_INTTYPES_H
| # include <inttypes.h>
| #endif
| #ifdef HAVE_STDINT_H
| # include <stdint.h>
| #endif
| #ifdef HAVE_UNISTD_H
| # include <unistd.h>
| #endif
| int
| main ()
| {
| static struct stat ac_aggr;
| if (sizeof ac_aggr.st_atimespec.tv_nsec)
| return 0;
|   ;
|   return 0;
| }
configure:16297: result: no
configure:16306: checking for struct stat.st_atimensec
configure:16306: gcc -std=gnu99 -c -g -O2  conftest.c >&5
conftest.c: In function 'main':
conftest.c:90: error: 'struct stat' has no member named 'st_atimensec'
configure:16306: $? = 1
configure: failed program was:
| /* confdefs.h */
| #define PACKAGE_NAME "XZ Utils"
| #define PACKAGE_TARNAME "xz"
| #define PACKAGE_VERSION "5.0.0"
| #define PACKAGE_STRING "XZ Utils 5.0.0"
| #define PACKAGE_BUGREPORT "lasse.collin@tukaani.org"
| #define PACKAGE_URL "http://tukaani.org/xz/"
| #define NDEBUG 1
| #define HAVE_ENCODER_ARM 1
| #define HAVE_ENCODER_LZMA1 1
| #define HAVE_ENCODER_LZMA2 1
| #define HAVE_DECODER_ARM 1
| #define HAVE_DECODER_LZMA1 1
| #define HAVE_DECODER_LZMA2 1
| #define HAVE_MF_HC3 1
| #define HAVE_MF_HC4 1
| #define HAVE_MF_BT2 1
| #define HAVE_MF_BT3 1
| #define HAVE_MF_BT4 1
| #define HAVE_CHECK_CRC32 1
| #define HAVE_CHECK_CRC64 1
| #define HAVE_CHECK_SHA256 1
| #define HAVE_SMALL 1
| #define ASSUME_RAM 128
| #define PACKAGE "xz"
| #define VERSION "5.0.0"
| #define STDC_HEADERS 1
| #define HAVE_SYS_TYPES_H 1
| #define HAVE_SYS_STAT_H 1
| #define HAVE_STDLIB_H 1
| #define HAVE_STRING_H 1
| #define HAVE_MEMORY_H 1
| #define HAVE_STRINGS_H 1
| #define HAVE_INTTYPES_H 1
| #define HAVE_STDINT_H 1
| #define HAVE_UNISTD_H 1
| #define __EXTENSIONS__ 1
| #define _ALL_SOURCE 1
| #define _GNU_SOURCE 1
| #define _POSIX_PTHREAD_SEMANTICS 1
| #define _TANDEM_SOURCE 1
| #define HAVE_DLFCN_H 1
| #define LT_OBJDIR ".libs/"
| #define HAVE_FCNTL_H 1
| #define HAVE_LIMITS_H 1
| #define HAVE_SYS_TIME_H 1
| #define HAVE__BOOL 1
| #define HAVE_STDBOOL_H 1
| #define HAVE_UINTPTR_T 1
| #define SIZEOF_SIZE_T 8
| #define HAVE_STRUCT_STAT_ST_ATIM_TV_NSEC 1
| /* end confdefs.h.  */
| #include <stdio.h>
| #ifdef HAVE_SYS_TYPES_H
| # include <sys/types.h>
| #endif
| #ifdef HAVE_SYS_STAT_H
| # include <sys/stat.h>
| #endif
| #ifdef STDC_HEADERS
| # include <stdlib.h>
| # include <stddef.h>
| #else
| # ifdef HAVE_STDLIB_H
| #  include <stdlib.h>
| # endif
| #endif
| #ifdef HAVE_STRING_H
| # if !defined STDC_HEADERS && defined HAVE_MEMORY_H
| #  include <memory.h>
| # endif
| # include <string.h>
| #endif
| #ifdef HAVE_STRINGS_H
| # include <strings.h>
| #endif
| #ifdef HAVE_INTTYPES_H
| # include <inttypes.h>
| #endif
| #ifdef HAVE_STDINT_H
| # include <stdint.h>
| #endif
| #ifdef HAVE_UNISTD_H
| # include <unistd.h>
| #endif
| int
| main ()
| {
| static struct stat ac_aggr;
| if (ac_aggr.st_atimensec)
| return 0;
|   ;
|   return 0;
| }
configure:16306: gcc -std=gnu99 -c -g -O2  conftest.c >&5
conftest.c: In function 'main':
conftest.c:90: error: 'struct stat' has no member named 'st_atimensec'
configure:16306: $? = 1
configure: failed program was:
| /* confdefs.h */
| #define PACKAGE_NAME "XZ Utils"
| #define PACKAGE_TARNAME "xz"
| #define PACKAGE_VERSION "5.0.0"
| #define PACKAGE_STRING "XZ Utils 5.0.0"
| #define PACKAGE_BUGREPORT "lasse.collin@tukaani.org"
| #define PACKAGE_URL "http://tukaani.org/xz/"
| #define NDEBUG 1
| #define HAVE_ENCODER_ARM 1
| #define HAVE_ENCODER_LZMA1 1
| #define HAVE_ENCODER_LZMA2 1
| #define HAVE_DECODER_ARM 1
| #define HAVE_DECODER_LZMA1 1
| #define HAVE_DECODER_LZMA2 1
| #define HAVE_MF_HC3 1
| #define HAVE_MF_HC4 1
| #define HAVE_MF_BT2 1
| #define HAVE_MF_BT3 1
| #define HAVE_MF_BT4 1
| #define HAVE_CHECK_CRC32 1
| #define HAVE_CHECK_CRC64 1
| #define HAVE_CHECK_SHA256 1
| #define HAVE_SMALL 1
| #define ASSUME_RAM 128
| #define PACKAGE "xz"
| #define VERSION "5.0.0"
| #define STDC_HEADERS 1
| #define HAVE_SYS_TYPES_H 1
| #define HAVE_SYS_STAT_H 1
| #define HAVE_STDLIB_H 1
| #define HAVE_STRING_H 1
| #define HAVE_MEMORY_H 1
| #define HAVE_STRINGS_H 1
| #define HAVE_INTTYPES_H 1
| #define HAVE_STDINT_H 1
| #define HAVE_UNISTD_H 1
| #define __EXTENSIONS__ 1
| #define _ALL_SOURCE 1
| #define _GNU_SOURCE 1
| #define _POSIX_PTHREAD_SEMANTICS 1
| #define _TANDEM_SOURCE 1
| #define HAVE_DLFCN_H 1
| #define LT_OBJDIR ".libs/"
| #define HAVE_FCNTL_H 1
| #define HAVE_LIMITS_H 1
| #define HAVE_SYS_TIME_H 1
| #define HAVE__BOOL 1
| #define HAVE_STDBOOL_H 1
| #define HAVE_UINTPTR_T 1
| #define SIZEOF_SIZE_T 8
| #define HAVE_STRUCT_STAT_ST_ATIM_TV_NSEC 1
| /* end confdefs.h.  */
| #include <stdio.h>
| #ifdef HAVE_SYS_TYPES_H
| # include <sys/types.h>
| #endif
| #ifdef HAVE_SYS_STAT_H
| # include <sys/stat.h>
| #endif
| #ifdef STDC_HEADERS
| # include <stdlib.h>
| # include <stddef.h>
| #else
| # ifdef HAVE_STDLIB_H
| #  include <stdlib.h>
| # endif
| #endif
| #ifdef HAVE_STRING_H
| # if !defined STDC_HEADERS && defined HAVE_MEMORY_H
| #  include <memory.h>
| # endif
| # include <string.h>
| #endif
| #ifdef HAVE_STRINGS_H
| # include <strings.h>
| #endif
| #ifdef HAVE_INTTYPES_H
| # include <inttypes.h>
| #endif
| #ifdef HAVE_STDINT_H
| # include <stdint.h>
| #endif
| #ifdef HAVE_UNISTD_H
| # include <unistd.h>
| #endif
| int
| main ()
| {
| static struct stat ac_aggr;
| if (sizeof ac_aggr.st_atimensec)
| return 0;
|   ;
|   return 0;
| }
configure:16306: result: no
configure:16315: checking for struct stat.st_uatime
configure:16315: gcc -std=gnu99 -c -g -O2  conftest.c >&5
conftest.c: In function 'main':
conftest.c:90: error: 'struct stat' has no member named 'st_uatime'
configure:16315: $? = 1
configure: failed program was:
| /* confdefs.h */
| #define PACKAGE_NAME "XZ Utils"
| #define PACKAGE_TARNAME "xz"
| #define PACKAGE_VERSION "5.0.0"
| #define PACKAGE_STRING "XZ Utils 5.0.0"
| #define PACKAGE_BUGREPORT "lasse.collin@tukaani.org"
| #define PACKAGE_URL "http://tukaani.org/xz/"
| #define NDEBUG 1
| #define HAVE_ENCODER_ARM 1
| #define HAVE_ENCODER_LZMA1 1
| #define HAVE_ENCODER_LZMA2 1
| #define HAVE_DECODER_ARM 1
| #define HAVE_DECODER_LZMA1 1
| #define HAVE_DECODER_LZMA2 1
| #define HAVE_MF_HC3 1
| #define HAVE_MF_HC4 1
| #define HAVE_MF_BT2 1
| #define HAVE_MF_BT3 1
| #define HAVE_MF_BT4 1
| #define HAVE_CHECK_CRC32 1
| #define HAVE_CHECK_CRC64 1
| #define HAVE_CHECK_SHA256 1
| #define HAVE_SMALL 1
| #define ASSUME_RAM 128
| #define PACKAGE "xz"
| #define VERSION "5.0.0"
| #define STDC_HEADERS 1
| #define HAVE_SYS_TYPES_H 1
| #define HAVE_SYS_STAT_H 1
| #define HAVE_STDLIB_H 1
| #define HAVE_STRING_H 1
| #define HAVE_MEMORY_H 1
| #define HAVE_STRINGS_H 1
| #define HAVE_INTTYPES_H 1
| #define HAVE_STDINT_H 1
| #define HAVE_UNISTD_H 1
| #define __EXTENSIONS__ 1
| #define _ALL_SOURCE 1
| #define _GNU_SOURCE 1
| #define _POSIX_PTHREAD_SEMANTICS 1
| #define _TANDEM_SOURCE 1
| #define HAVE_DLFCN_H 1
| #define LT_OBJDIR ".libs/"
| #define HAVE_FCNTL_H 1
| #define HAVE_LIMITS_H 1
| #define HAVE_SYS_TIME_H 1
| #define HAVE__BOOL 1
| #define HAVE_STDBOOL_H 1
| #define HAVE_UINTPTR_T 1
| #define SIZEOF_SIZE_T 8
| #define HAVE_STRUCT_STAT_ST_ATIM_TV_NSEC 1
| /* end confdefs.h.  */
| #include <stdio.h>
| #ifdef HAVE_SYS_TYPES_H
| # include <sys/types.h>
| #endif
| #ifdef HAVE_SYS_STAT_H
| # include <sys/stat.h>
| #endif
| #ifdef STDC_HEADERS
| # include <stdlib.h>
| # include <stddef.h>
| #else
| # ifdef HAVE_STDLIB_H
| #  include <stdlib.h>
| # endif
| #endif
| #ifdef HAVE_STRING_H
| # if !defined STDC_HEADERS && defined HAVE_MEMORY_H
| #  include <memory.h>
| # endif
| # include <string.h>
| #endif
| #ifdef HAVE_STRINGS_H
| # include <strings.h>
| #endif
| #ifdef HAVE_INTTYPES_H
| # include <inttypes.h>
| #endif
| #ifdef HAVE_STDINT_H
| # include <stdint.h>
| #endif
| #ifdef HAVE_UNISTD_H
| # include <unistd.h>
| #endif
| int
| main ()
| {
| static struct stat ac_aggr;
| if (ac_aggr.st_uatime)
| return 0;
|   ;
|   return 0;
| }
configure:16315: gcc -std=gnu99 -c -g -O2  conftest.c >&5
conftest.c: In function 'main':
conftest.c:90: error: 'struct stat' has no member named 'st_uatime'
configure:16315: $? = 1
configure: failed program was:
| /* confdefs.h */
| #define PACKAGE_NAME "XZ Utils"
| #define PACKAGE_TARNAME "xz"
| #define PACKAGE_VERSION "5.0.0"
| #define PACKAGE_STRING "XZ Utils 5.0.0"
| #define PACKAGE_BUGREPORT "lasse.collin@tukaani.org"
| #define PACKAGE_URL "http://tukaani.org/xz/"
| #define NDEBUG 1
| #define HAVE_ENCODER_ARM 1
| #define HAVE_ENCODER_LZMA1 1
| #define HAVE_ENCODER_LZMA2 1
| #define HAVE_DECODER_ARM 1
| #define HAVE_DECODER_LZMA1 1
| #define HAVE_DECODER_LZMA2 1
| #define HAVE_MF_HC3 1
| #define HAVE_MF_HC4 1
| #define HAVE_MF_BT2 1
| #define HAVE_MF_BT3 1
| #define HAVE_MF_BT4 1
| #define HAVE_CHECK_CRC32 1
| #define HAVE_CHECK_CRC64 1
| #define HAVE_CHECK_SHA256 1
| #define HAVE_SMALL 1
| #define ASSUME_RAM 128
| #define PACKAGE "xz"
| #define VERSION "5.0.0"
| #define STDC_HEADERS 1
| #define HAVE_SYS_TYPES_H 1
| #define HAVE_SYS_STAT_H 1
| #define HAVE_STDLIB_H 1
| #define HAVE_STRING_H 1
| #define HAVE_MEMORY_H 1
| #define HAVE_STRINGS_H 1
| #define HAVE_INTTYPES_H 1
| #define HAVE_STDINT_H 1
| #define HAVE_UNISTD_H 1
| #define __EXTENSIONS__ 1
| #define _ALL_SOURCE 1
| #define _GNU_SOURCE 1
| #define _POSIX_PTHREAD_SEMANTICS 1
| #define _TANDEM_SOURCE 1
| #define HAVE_DLFCN_H 1
| #define LT_OBJDIR ".libs/"
| #define HAVE_FCNTL_H 1
| #define HAVE_LIMITS_H 1
| #define HAVE_SYS_TIME_H 1
| #define HAVE__BOOL 1
| #define HAVE_STDBOOL_H 1
| #define HAVE_UINTPTR_T 1
| #define SIZEOF_SIZE_T 8
| #define HAVE_STRUCT_STAT_ST_ATIM_TV_NSEC 1
| /* end confdefs.h.  */
| #include <stdio.h>
| #ifdef HAVE_SYS_TYPES_H
| # include <sys/types.h>
| #endif
| #ifdef HAVE_SYS_STAT_H
| # include <sys/stat.h>
| #endif
| #ifdef STDC_HEADERS
| # include <stdlib.h>
| # include <stddef.h>
| #else
| # ifdef HAVE_STDLIB_H
| #  include <stdlib.h>
| # endif
| #endif
| #ifdef HAVE_STRING_H
| # if !defined STDC_HEADERS && defined HAVE_MEMORY_H
| #  include <memory.h>
| # endif
| # include <string.h>
| #endif
| #ifdef HAVE_STRINGS_H
| # include <strings.h>
| #endif
| #ifdef HAVE_INTTYPES_H
| # include <inttypes.h>
| #endif
| #ifdef HAVE_STDINT_H
| # include <stdint.h>
| #endif
| #ifdef HAVE_UNISTD_H
| # include <unistd.h>
| #endif
| int
| main ()
| {
| static struct stat ac_aggr;
| if (sizeof ac_aggr.st_uatime)
| return 0;
|   ;
|   return 0;
| }
configure:16315: result: no
configure:16324: checking for struct stat.st_atim.st__tim.tv_nsec
configure:16324: gcc -std=gnu99 -c -g -O2  conftest.c >&5
conftest.c: In function 'main':
conftest.c:90: error: 'struct timespec' has no member named 'st__tim'
configure:16324: $? = 1
configure: failed program was:
| /* confdefs.h */
| #define PACKAGE_NAME "XZ Utils"
| #define PACKAGE_TARNAME "xz"
| #define PACKAGE_VERSION "5.0.0"
| #define PACKAGE_STRING "XZ Utils 5.0.0"
| #define PACKAGE_BUGREPORT "lasse.collin@tukaani.org"
| #define PACKAGE_URL "http://tukaani.org/xz/"
| #define NDEBUG 1
| #define HAVE_ENCODER_ARM 1
| #define HAVE_ENCODER_LZMA1 1
| #define HAVE_ENCODER_LZMA2 1
| #define HAVE_DECODER_ARM 1
| #define HAVE_DECODER_LZMA1 1
| #define HAVE_DECODER_LZMA2 1
| #define HAVE_MF_HC3 1
| #define HAVE_MF_HC4 1
| #define HAVE_MF_BT2 1
| #define HAVE_MF_BT3 1
| #define HAVE_MF_BT4 1
| #define HAVE_CHECK_CRC32 1
| #define HAVE_CHECK_CRC64 1
| #define HAVE_CHECK_SHA256 1
| #define HAVE_SMALL 1
| #define ASSUME_RAM 128
| #define PACKAGE "xz"
| #define VERSION "5.0.0"
| #define STDC_HEADERS 1
| #define HAVE_SYS_TYPES_H 1
| #define HAVE_SYS_STAT_H 1
| #define HAVE_STDLIB_H 1
| #define HAVE_STRING_H 1
| #define HAVE_MEMORY_H 1
| #define HAVE_STRINGS_H 1
| #define HAVE_INTTYPES_H 1
| #define HAVE_STDINT_H 1
| #define HAVE_UNISTD_H 1
| #define __EXTENSIONS__ 1
| #define _ALL_SOURCE 1
| #define _GNU_SOURCE 1
| #define _POSIX_PTHREAD_SEMANTICS 1
| #define _TANDEM_SOURCE 1
| #define HAVE_DLFCN_H 1
| #define LT_OBJDIR ".libs/"
| #define HAVE_FCNTL_H 1
| #define HAVE_LIMITS_H 1
| #define HAVE_SYS_TIME_H 1
| #define HAVE__BOOL 1
| #define HAVE_STDBOOL_H 1
| #define HAVE_UINTPTR_T 1
| #define SIZEOF_SIZE_T 8
| #define HAVE_STRUCT_STAT_ST_ATIM_TV_NSEC 1
| /* end confdefs.h.  */
| #include <stdio.h>
| #ifdef HAVE_SYS_TYPES_H
| # include <sys/types.h>
| #endif
| #ifdef HAVE_SYS_STAT_H
| # include <sys/stat.h>
| #endif
| #ifdef STDC_HEADERS
| # include <stdlib.h>
| # include <stddef.h>
| #else
| # ifdef HAVE_STDLIB_H
| #  include <stdlib.h>
| # endif
| #endif
| #ifdef HAVE_STRING_H
| # if !defined STDC_HEADERS && defined HAVE_MEMORY_H
| #  include <memory.h>
| # endif
| # include <string.h>
| #endif
| #ifdef HAVE_STRINGS_H
| # include <strings.h>
| #endif
| #ifdef HAVE_INTTYPES_H
| # include <inttypes.h>
| #endif
| #ifdef HAVE_STDINT_H
| # include <stdint.h>
| #endif
| #ifdef HAVE_UNISTD_H
| # include <unistd.h>
| #endif
| int
| main ()
| {
| static struct stat ac_aggr;
| if (ac_aggr.st_atim.st__tim.tv_nsec)
| return 0;
|   ;
|   return 0;
| }
configure:16324: gcc -std=gnu99 -c -g -O2  conftest.c >&5
conftest.c: In function 'main':
conftest.c:90: error: 'struct timespec' has no member named 'st__tim'
configure:16324: $? = 1
configure: failed program was:
| /* confdefs.h */
| #define PACKAGE_NAME "XZ Utils"
| #define PACKAGE_TARNAME "xz"
| #define PACKAGE_VERSION "5.0.0"
| #define PACKAGE_STRING "XZ Utils 5.0.0"
| #define PACKAGE_BUGREPORT "lasse.collin@tukaani.org"
| #define PACKAGE_URL "http://tukaani.org/xz/"
| #define NDEBUG 1
| #define HAVE_ENCODER_ARM 1
| #define HAVE_ENCODER_LZMA1 1
| #define HAVE_ENCODER_LZMA2 1
| #define HAVE_DECODER_ARM 1
| #define HAVE_DECODER_LZMA1 1
| #define HAVE_DECODER_LZMA2 1
| #define HAVE_MF_HC3 1
| #define HAVE_MF_HC4 1
| #define HAVE_MF_BT2 1
| #define HAVE_MF_BT3 1
| #define HAVE_MF_BT4 1
| #define HAVE_CHECK_CRC32 1
| #define HAVE_CHECK_CRC64 1
| #define HAVE_CHECK_SHA256 1
| #define HAVE_SMALL 1
| #define ASSUME_RAM 128
| #define PACKAGE "xz"
| #define VERSION "5.0.0"
| #define STDC_HEADERS 1
| #define HAVE_SYS_TYPES_H 1
| #define HAVE_SYS_STAT_H 1
| #define HAVE_STDLIB_H 1
| #define HAVE_STRING_H 1
| #define HAVE_MEMORY_H 1
| #define HAVE_STRINGS_H 1
| #define HAVE_INTTYPES_H 1
| #define HAVE_STDINT_H 1
| #define HAVE_UNISTD_H 1
| #define __EXTENSIONS__ 1
| #define _ALL_SOURCE 1
| #define _GNU_SOURCE 1
| #define _POSIX_PTHREAD_SEMANTICS 1
| #define _TANDEM_SOURCE 1
| #define HAVE_DLFCN_H 1
| #define LT_OBJDIR ".libs/"
| #define HAVE_FCNTL_H 1
| #define HAVE_LIMITS_H 1
| #define HAVE_SYS_TIME_H 1
| #define HAVE__BOOL 1
| #define HAVE_STDBOOL_H 1
| #define HAVE_UINTPTR_T 1
| #define SIZEOF_SIZE_T 8
| #define HAVE_STRUCT_STAT_ST_ATIM_TV_NSEC 1
| /* end confdefs.h.  */
| #include <stdio.h>
| #ifdef HAVE_SYS_TYPES_H
| # include <sys/types.h>
| #endif
| #ifdef HAVE_SYS_STAT_H
| # include <sys/stat.h>
| #endif
| #ifdef STDC_HEADERS
| # include <stdlib.h>
| # include <stddef.h>
| #else
| # ifdef HAVE_STDLIB_H
| #  include <stdlib.h>
| # endif
| #endif
| #ifdef HAVE_STRING_H
| # if !defined STDC_HEADERS && defined HAVE_MEMORY_H
| #  include <memory.h>
| # endif
| # include <string.h>
| #endif
| #ifdef HAVE_STRINGS_H
| # include <strings.h>
| #endif
| #ifdef HAVE_INTTYPES_H
| # include <inttypes.h>
| #endif
| #ifdef HAVE_STDINT_H
| # include <stdint.h>
| #endif
| #ifdef HAVE_UNISTD_H
| # include <unistd.h>
| #endif
| int
| main ()
| {
| static struct stat ac_aggr;
| if (sizeof ac_aggr.st_atim.st__tim.tv_nsec)
| return 0;
|   ;
|   return 0;
| }
configure:16324: result: no
configure:16342: checking for special C compiler options needed for large files
configure:16387: result: no
configure:16393: checking for _FILE_OFFSET_BITS value needed for large files
configure:16418: gcc -std=gnu99 -c -g -O2  conftest.c >&5
configure:16418: $? = 0
configure:16450: result: no
configure:16533: checking whether byte ordering is bigendian
configure:16548: gcc -std=gnu99 -c -g -O2  conftest.c >&5
conftest.c:54: error: expected '=', ',', ';', 'asm' or '__attribute__' before 'a'
configure:16548: $? = 1
configure: failed program was:
| /* confdefs.h */
| #define PACKAGE_NAME "XZ Utils"
| #define PACKAGE_TARNAME "xz"
| #define PACKAGE_VERSION "5.0.0"
| #define PACKAGE_STRING "XZ Utils 5.0.0"
| #define PACKAGE_BUGREPORT "lasse.collin@tukaani.org"
| #define PACKAGE_URL "http://tukaani.org/xz/"
| #define NDEBUG 1
| #define HAVE_ENCODER_ARM 1
| #define HAVE_ENCODER_LZMA1 1
| #define HAVE_ENCODER_LZMA2 1
| #define HAVE_DECODER_ARM 1
| #define HAVE_DECODER_LZMA1 1
| #define HAVE_DECODER_LZMA2 1
| #define HAVE_MF_HC3 1
| #define HAVE_MF_HC4 1
| #define HAVE_MF_BT2 1
| #define HAVE_MF_BT3 1
| #define HAVE_MF_BT4 1
| #define HAVE_CHECK_CRC32 1
| #define HAVE_CHECK_CRC64 1
| #define HAVE_CHECK_SHA256 1
| #define HAVE_SMALL 1
| #define ASSUME_RAM 128
| #define PACKAGE "xz"
| #define VERSION "5.0.0"
| #define STDC_HEADERS 1
| #define HAVE_SYS_TYPES_H 1
| #define HAVE_SYS_STAT_H 1
| #define HAVE_STDLIB_H 1
| #define HAVE_STRING_H 1
| #define HAVE_MEMORY_H 1
| #define HAVE_STRINGS_H 1
| #define HAVE_INTTYPES_H 1
| #define HAVE_STDINT_H 1
| #define HAVE_UNISTD_H 1
| #define __EXTENSIONS__ 1
| #define _ALL_SOURCE 1
| #define _GNU_SOURCE 1
| #define _POSIX_PTHREAD_SEMANTICS 1
| #define _TANDEM_SOURCE 1
| #define HAVE_DLFCN_H 1
| #define LT_OBJDIR ".libs/"
| #define HAVE_FCNTL_H 1
| #define HAVE_LIMITS_H 1
| #define HAVE_SYS_TIME_H 1
| #define HAVE__BOOL 1
| #define HAVE_STDBOOL_H 1
| #define HAVE_UINTPTR_T 1
| #define SIZEOF_SIZE_T 8
| #define HAVE_STRUCT_STAT_ST_ATIM_TV_NSEC 1
| /* end confdefs.h.  */
| #ifndef __APPLE_CC__
| 	       not a universal capable compiler
| 	     #endif
| 	     typedef int dummy;
| 
configure:16593: gcc -std=gnu99 -c -g -O2  conftest.c >&5
configure:16593: $? = 0
configure:16611: gcc -std=gnu99 -c -g -O2  conftest.c >&5
conftest.c: In function 'main':
conftest.c:60: error: 'not' undeclared (first use in this function)
conftest.c:60: error: (Each undeclared identifier is reported only once
conftest.c:60: error: for each function it appears in.)
conftest.c:60: error: expected ';' before 'big'
configure:16611: $? = 1
configure: failed program was:
| /* confdefs.h */
| #define PACKAGE_NAME "XZ Utils"
| #define PACKAGE_TARNAME "xz"
| #define PACKAGE_VERSION "5.0.0"
| #define PACKAGE_STRING "XZ Utils 5.0.0"
| #define PACKAGE_BUGREPORT "lasse.collin@tukaani.org"
| #define PACKAGE_URL "http://tukaani.org/xz/"
| #define NDEBUG 1
| #define HAVE_ENCODER_ARM 1
| #define HAVE_ENCODER_LZMA1 1
| #define HAVE_ENCODER_LZMA2 1
| #define HAVE_DECODER_ARM 1
| #define HAVE_DECODER_LZMA1 1
| #define HAVE_DECODER_LZMA2 1
| #define HAVE_MF_HC3 1
| #define HAVE_MF_HC4 1
| #define HAVE_MF_BT2 1
| #define HAVE_MF_BT3 1
| #define HAVE_MF_BT4 1
| #define HAVE_CHECK_CRC32 1
| #define HAVE_CHECK_CRC64 1
| #define HAVE_CHECK_SHA256 1
| #define HAVE_SMALL 1
| #define ASSUME_RAM 128
| #define PACKAGE "xz"
| #define VERSION "5.0.0"
| #define STDC_HEADERS 1
| #define HAVE_SYS_TYPES_H 1
| #define HAVE_SYS_STAT_H 1
| #define HAVE_STDLIB_H 1
| #define HAVE_STRING_H 1
| #define HAVE_MEMORY_H 1
| #define HAVE_STRINGS_H 1
| #define HAVE_INTTYPES_H 1
| #define HAVE_STDINT_H 1
| #define HAVE_UNISTD_H 1
| #define __EXTENSIONS__ 1
| #define _ALL_SOURCE 1
| #define _GNU_SOURCE 1
| #define _POSIX_PTHREAD_SEMANTICS 1
| #define _TANDEM_SOURCE 1
| #define HAVE_DLFCN_H 1
| #define LT_OBJDIR ".libs/"
| #define HAVE_FCNTL_H 1
| #define HAVE_LIMITS_H 1
| #define HAVE_SYS_TIME_H 1
| #define HAVE__BOOL 1
| #define HAVE_STDBOOL_H 1
| #define HAVE_UINTPTR_T 1
| #define SIZEOF_SIZE_T 8
| #define HAVE_STRUCT_STAT_ST_ATIM_TV_NSEC 1
| /* end confdefs.h.  */
| #include <sys/types.h>
| 		#include <sys/param.h>
| 
| int
| main ()
| {
| #if BYTE_ORDER != BIG_ENDIAN
| 		 not big endian
| 		#endif
| 
|   ;
|   return 0;
| }
configure:16739: result: no
configure:16768: checking getopt.h usability
configure:16768: gcc -std=gnu99 -c -g -O2  conftest.c >&5
configure:16768: $? = 0
configure:16768: result: yes
configure:16768: checking getopt.h presence
configure:16768: gcc -std=gnu99 -E  conftest.c
configure:16768: $? = 0
configure:16768: result: yes
configure:16768: checking for getopt.h
configure:16768: result: yes
configure:16785: checking for getopt_long
configure:16785: gcc -std=gnu99 -o conftest -g -O2   conftest.c  >&5
configure:16785: $? = 0
configure:16785: result: yes
configure:16799: checking whether optreset is declared
configure:16799: gcc -std=gnu99 -c -g -O2  conftest.c >&5
conftest.c: In function 'main':
conftest.c:64: error: 'optreset' undeclared (first use in this function)
conftest.c:64: error: (Each undeclared identifier is reported only once
conftest.c:64: error: for each function it appears in.)
configure:16799: $? = 1
configure: failed program was:
| /* confdefs.h */
| #define PACKAGE_NAME "XZ Utils"
| #define PACKAGE_TARNAME "xz"
| #define PACKAGE_VERSION "5.0.0"
| #define PACKAGE_STRING "XZ Utils 5.0.0"
| #define PACKAGE_BUGREPORT "lasse.collin@tukaani.org"
| #define PACKAGE_URL "http://tukaani.org/xz/"
| #define NDEBUG 1
| #define HAVE_ENCODER_ARM 1
| #define HAVE_ENCODER_LZMA1 1
| #define HAVE_ENCODER_LZMA2 1
| #define HAVE_DECODER_ARM 1
| #define HAVE_DECODER_LZMA1 1
| #define HAVE_DECODER_LZMA2 1
| #define HAVE_MF_HC3 1
| #define HAVE_MF_HC4 1
| #define HAVE_MF_BT2 1
| #define HAVE_MF_BT3 1
| #define HAVE_MF_BT4 1
| #define HAVE_CHECK_CRC32 1
| #define HAVE_CHECK_CRC64 1
| #define HAVE_CHECK_SHA256 1
| #define HAVE_SMALL 1
| #define ASSUME_RAM 128
| #define PACKAGE "xz"
| #define VERSION "5.0.0"
| #define STDC_HEADERS 1
| #define HAVE_SYS_TYPES_H 1
| #define HAVE_SYS_STAT_H 1
| #define HAVE_STDLIB_H 1
| #define HAVE_STRING_H 1
| #define HAVE_MEMORY_H 1
| #define HAVE_STRINGS_H 1
| #define HAVE_INTTYPES_H 1
| #define HAVE_STDINT_H 1
| #define HAVE_UNISTD_H 1
| #define __EXTENSIONS__ 1
| #define _ALL_SOURCE 1
| #define _GNU_SOURCE 1
| #define _POSIX_PTHREAD_SEMANTICS 1
| #define _TANDEM_SOURCE 1
| #define HAVE_DLFCN_H 1
| #define LT_OBJDIR ".libs/"
| #define HAVE_FCNTL_H 1
| #define HAVE_LIMITS_H 1
| #define HAVE_SYS_TIME_H 1
| #define HAVE__BOOL 1
| #define HAVE_STDBOOL_H 1
| #define HAVE_UINTPTR_T 1
| #define SIZEOF_SIZE_T 8
| #define HAVE_STRUCT_STAT_ST_ATIM_TV_NSEC 1
| #define HAVE_GETOPT_H 1
| #define HAVE_GETOPT_LONG 1
| /* end confdefs.h.  */
| #include <getopt.h>
| 
| int
| main ()
| {
| #ifndef optreset
| #ifdef __cplusplus
|   (void) optreset;
| #else
|   (void) optreset;
| #endif
| #endif
| 
|   ;
|   return 0;
| }
configure:16799: result: no
configure:16841: checking for futimens
configure:16841: gcc -std=gnu99 -o conftest -g -O2   conftest.c  >&5
configure:16841: $? = 0
configure:16841: result: yes
configure:16858: checking whether program_invocation_name is declared
configure:16858: gcc -std=gnu99 -c -g -O2  conftest.c >&5
configure:16858: $? = 0
configure:16858: result: yes
configure:16877: checking byteswap.h usability
configure:16877: gcc -std=gnu99 -c -g -O2  conftest.c >&5
configure:16877: $? = 0
configure:16877: result: yes
configure:16877: checking byteswap.h presence
configure:16877: gcc -std=gnu99 -E  conftest.c
configure:16877: $? = 0
configure:16877: result: yes
configure:16877: checking for byteswap.h
configure:16877: result: yes
configure:16891: checking if bswap_16 is available
configure:16905: gcc -std=gnu99 -o conftest -g -O2   conftest.c  >&5
configure:16905: $? = 0
configure:16910: result: yes
configure:16921: checking if bswap_32 is available
configure:16935: gcc -std=gnu99 -o conftest -g -O2   conftest.c  >&5
configure:16935: $? = 0
configure:16940: result: yes
configure:16951: checking if bswap_64 is available
configure:16965: gcc -std=gnu99 -o conftest -g -O2   conftest.c  >&5
configure:16965: $? = 0
configure:16970: result: yes
configure:16982: checking if unaligned memory access should be used
configure:17007: result: yes
configure:17020: checking sys/param.h usability
configure:17020: gcc -std=gnu99 -c -g -O2  conftest.c >&5
configure:17020: $? = 0
configure:17020: result: yes
configure:17020: checking sys/param.h presence
configure:17020: gcc -std=gnu99 -E  conftest.c
configure:17020: $? = 0
configure:17020: result: yes
configure:17020: checking for sys/param.h
configure:17020: result: yes
configure:17031: checking how to detect the amount of physical memory
configure:17054: gcc -std=gnu99 -c -g -O2  conftest.c >&5
conftest.c:67: error: expected '=', ',', ';', 'asm' or '__attribute__' before 'error'
configure:17054: $? = 1
configure: failed program was:
| /* confdefs.h */
| #define PACKAGE_NAME "XZ Utils"
| #define PACKAGE_TARNAME "xz"
| #define PACKAGE_VERSION "5.0.0"
| #define PACKAGE_STRING "XZ Utils 5.0.0"
| #define PACKAGE_BUGREPORT "lasse.collin@tukaani.org"
| #define PACKAGE_URL "http://tukaani.org/xz/"
| #define NDEBUG 1
| #define HAVE_ENCODER_ARM 1
| #define HAVE_ENCODER_LZMA1 1
| #define HAVE_ENCODER_LZMA2 1
| #define HAVE_DECODER_ARM 1
| #define HAVE_DECODER_LZMA1 1
| #define HAVE_DECODER_LZMA2 1
| #define HAVE_MF_HC3 1
| #define HAVE_MF_HC4 1
| #define HAVE_MF_BT2 1
| #define HAVE_MF_BT3 1
| #define HAVE_MF_BT4 1
| #define HAVE_CHECK_CRC32 1
| #define HAVE_CHECK_CRC64 1
| #define HAVE_CHECK_SHA256 1
| #define HAVE_SMALL 1
| #define ASSUME_RAM 128
| #define PACKAGE "xz"
| #define VERSION "5.0.0"
| #define STDC_HEADERS 1
| #define HAVE_SYS_TYPES_H 1
| #define HAVE_SYS_STAT_H 1
| #define HAVE_STDLIB_H 1
| #define HAVE_STRING_H 1
| #define HAVE_MEMORY_H 1
| #define HAVE_STRINGS_H 1
| #define HAVE_INTTYPES_H 1
| #define HAVE_STDINT_H 1
| #define HAVE_UNISTD_H 1
| #define __EXTENSIONS__ 1
| #define _ALL_SOURCE 1
| #define _GNU_SOURCE 1
| #define _POSIX_PTHREAD_SEMANTICS 1
| #define _TANDEM_SOURCE 1
| #define HAVE_DLFCN_H 1
| #define LT_OBJDIR ".libs/"
| #define HAVE_FCNTL_H 1
| #define HAVE_LIMITS_H 1
| #define HAVE_SYS_TIME_H 1
| #define HAVE__BOOL 1
| #define HAVE_STDBOOL_H 1
| #define HAVE_UINTPTR_T 1
| #define SIZEOF_SIZE_T 8
| #define HAVE_STRUCT_STAT_ST_ATIM_TV_NSEC 1
| #define HAVE_GETOPT_H 1
| #define HAVE_GETOPT_LONG 1
| #define HAVE_FUTIMENS 1
| #define HAVE_DECL_PROGRAM_INVOCATION_NAME 1
| #define HAVE_BYTESWAP_H 1
| #define HAVE_BSWAP_16 1
| #define HAVE_BSWAP_32 1
| #define HAVE_BSWAP_64 1
| #define TUKLIB_FAST_UNALIGNED_ACCESS 1
| #define HAVE_SYS_PARAM_H 1
| /* end confdefs.h.  */
| 
| #if defined(_WIN32) || defined(__CYGWIN__) || defined(__OS2__) 		|| defined(__DJGPP__) || defined(__VMS)
| int main(void) { return 0; }
| #else
| compile error
| #endif
| 
configure:17075: gcc -std=gnu99 -c -g -O2  conftest.c >&5
conftest.c:64:27: error: sys/systemcfg.h: No such file or directory
conftest.c: In function 'main':
conftest.c:69: error: '_system_configuration' undeclared (first use in this function)
conftest.c:69: error: (Each undeclared identifier is reported only once
conftest.c:69: error: for each function it appears in.)
configure:17075: $? = 1
configure: failed program was:
| /* confdefs.h */
| #define PACKAGE_NAME "XZ Utils"
| #define PACKAGE_TARNAME "xz"
| #define PACKAGE_VERSION "5.0.0"
| #define PACKAGE_STRING "XZ Utils 5.0.0"
| #define PACKAGE_BUGREPORT "lasse.collin@tukaani.org"
| #define PACKAGE_URL "http://tukaani.org/xz/"
| #define NDEBUG 1
| #define HAVE_ENCODER_ARM 1
| #define HAVE_ENCODER_LZMA1 1
| #define HAVE_ENCODER_LZMA2 1
| #define HAVE_DECODER_ARM 1
| #define HAVE_DECODER_LZMA1 1
| #define HAVE_DECODER_LZMA2 1
| #define HAVE_MF_HC3 1
| #define HAVE_MF_HC4 1
| #define HAVE_MF_BT2 1
| #define HAVE_MF_BT3 1
| #define HAVE_MF_BT4 1
| #define HAVE_CHECK_CRC32 1
| #define HAVE_CHECK_CRC64 1
| #define HAVE_CHECK_SHA256 1
| #define HAVE_SMALL 1
| #define ASSUME_RAM 128
| #define PACKAGE "xz"
| #define VERSION "5.0.0"
| #define STDC_HEADERS 1
| #define HAVE_SYS_TYPES_H 1
| #define HAVE_SYS_STAT_H 1
| #define HAVE_STDLIB_H 1
| #define HAVE_STRING_H 1
| #define HAVE_MEMORY_H 1
| #define HAVE_STRINGS_H 1
| #define HAVE_INTTYPES_H 1
| #define HAVE_STDINT_H 1
| #define HAVE_UNISTD_H 1
| #define __EXTENSIONS__ 1
| #define _ALL_SOURCE 1
| #define _GNU_SOURCE 1
| #define _POSIX_PTHREAD_SEMANTICS 1
| #define _TANDEM_SOURCE 1
| #define HAVE_DLFCN_H 1
| #define LT_OBJDIR ".libs/"
| #define HAVE_FCNTL_H 1
| #define HAVE_LIMITS_H 1
| #define HAVE_SYS_TIME_H 1
| #define HAVE__BOOL 1
| #define HAVE_STDBOOL_H 1
| #define HAVE_UINTPTR_T 1
| #define SIZEOF_SIZE_T 8
| #define HAVE_STRUCT_STAT_ST_ATIM_TV_NSEC 1
| #define HAVE_GETOPT_H 1
| #define HAVE_GETOPT_LONG 1
| #define HAVE_FUTIMENS 1
| #define HAVE_DECL_PROGRAM_INVOCATION_NAME 1
| #define HAVE_BYTESWAP_H 1
| #define HAVE_BSWAP_16 1
| #define HAVE_BSWAP_32 1
| #define HAVE_BSWAP_64 1
| #define TUKLIB_FAST_UNALIGNED_ACCESS 1
| #define HAVE_SYS_PARAM_H 1
| /* end confdefs.h.  */
| 
| #include <sys/systemcfg.h>
| 
| int
| main(void)
| {
| 	(void)_system_configuration.physmem;
| 	return 0;
| }
| 
configure:17094: gcc -std=gnu99 -c -g -O2  conftest.c >&5
configure:17094: $? = 0
configure:17234: result: sysconf
configure:17281: checking for sys/param.h
configure:17281: result: yes
configure:17292: checking how to detect the number of available CPU cores
configure:17321: gcc -std=gnu99 -c -g -O2  conftest.c >&5
conftest.c: In function 'main':
conftest.c:74: error: 'CTL_HW' undeclared (first use in this function)
conftest.c:74: error: (Each undeclared identifier is reported only once
conftest.c:74: error: for each function it appears in.)
conftest.c:74: error: 'HW_NCPU' undeclared (first use in this function)
conftest.c:77: error: 'NULL' undeclared (first use in this function)
configure:17321: $? = 1
configure: failed program was:
| /* confdefs.h */
| #define PACKAGE_NAME "XZ Utils"
| #define PACKAGE_TARNAME "xz"
| #define PACKAGE_VERSION "5.0.0"
| #define PACKAGE_STRING "XZ Utils 5.0.0"
| #define PACKAGE_BUGREPORT "lasse.collin@tukaani.org"
| #define PACKAGE_URL "http://tukaani.org/xz/"
| #define NDEBUG 1
| #define HAVE_ENCODER_ARM 1
| #define HAVE_ENCODER_LZMA1 1
| #define HAVE_ENCODER_LZMA2 1
| #define HAVE_DECODER_ARM 1
| #define HAVE_DECODER_LZMA1 1
| #define HAVE_DECODER_LZMA2 1
| #define HAVE_MF_HC3 1
| #define HAVE_MF_HC4 1
| #define HAVE_MF_BT2 1
| #define HAVE_MF_BT3 1
| #define HAVE_MF_BT4 1
| #define HAVE_CHECK_CRC32 1
| #define HAVE_CHECK_CRC64 1
| #define HAVE_CHECK_SHA256 1
| #define HAVE_SMALL 1
| #define ASSUME_RAM 128
| #define PACKAGE "xz"
| #define VERSION "5.0.0"
| #define STDC_HEADERS 1
| #define HAVE_SYS_TYPES_H 1
| #define HAVE_SYS_STAT_H 1
| #define HAVE_STDLIB_H 1
| #define HAVE_STRING_H 1
| #define HAVE_MEMORY_H 1
| #define HAVE_STRINGS_H 1
| #define HAVE_INTTYPES_H 1
| #define HAVE_STDINT_H 1
| #define HAVE_UNISTD_H 1
| #define __EXTENSIONS__ 1
| #define _ALL_SOURCE 1
| #define _GNU_SOURCE 1
| #define _POSIX_PTHREAD_SEMANTICS 1
| #define _TANDEM_SOURCE 1
| #define HAVE_DLFCN_H 1
| #define LT_OBJDIR ".libs/"
| #define HAVE_FCNTL_H 1
| #define HAVE_LIMITS_H 1
| #define HAVE_SYS_TIME_H 1
| #define HAVE__BOOL 1
| #define HAVE_STDBOOL_H 1
| #define HAVE_UINTPTR_T 1
| #define SIZEOF_SIZE_T 8
| #define HAVE_STRUCT_STAT_ST_ATIM_TV_NSEC 1
| #define HAVE_GETOPT_H 1
| #define HAVE_GETOPT_LONG 1
| #define HAVE_FUTIMENS 1
| #define HAVE_DECL_PROGRAM_INVOCATION_NAME 1
| #define HAVE_BYTESWAP_H 1
| #define HAVE_BSWAP_16 1
| #define HAVE_BSWAP_32 1
| #define HAVE_BSWAP_64 1
| #define TUKLIB_FAST_UNALIGNED_ACCESS 1
| #define HAVE_SYS_PARAM_H 1
| #define TUKLIB_PHYSMEM_SYSCONF 1
| #define HAVE_SYS_PARAM_H 1
| /* end confdefs.h.  */
| 
| #include <sys/types.h>
| #ifdef HAVE_SYS_PARAM_H
| #	include <sys/param.h>
| #endif
| #include <sys/sysctl.h>
| int
| main(void)
| {
| 	int name[2] = { CTL_HW, HW_NCPU };
| 	int cpus;
| 	size_t cpus_size = sizeof(cpus);
| 	sysctl(name, 2, &cpus, &cpus_size, NULL, 0);
| 	return 0;
| }
| 
configure:17345: gcc -std=gnu99 -c -g -O2  conftest.c >&5
configure:17345: $? = 0
configure:17380: result: sysconf
configure:17404: checking whether mbrtowc and mbstate_t are properly declared
configure:17424: gcc -std=gnu99 -o conftest -g -O2   conftest.c  >&5
configure:17424: $? = 0
configure:17432: result: yes
configure:17442: checking for wcwidth
configure:17442: gcc -std=gnu99 -o conftest -g -O2   conftest.c  >&5
configure:17442: $? = 0
configure:17442: result: yes
configure:17470: checking for simple visibility declarations
configure:17492: gcc -std=gnu99 -c -g -O2 -fvisibility=hidden  conftest.c >&5
configure:17492: $? = 0
configure:17501: result: yes
configure:17555: checking if gcc -std=gnu99 accepts -Wall
configure:17563: gcc -std=gnu99 -c -g -O2 -Wall  conftest.c >&5
configure:17563: $? = 0
configure:17566: result: yes
configure:17555: checking if gcc -std=gnu99 accepts -Wextra
configure:17563: gcc -std=gnu99 -c -g -O2 -Wextra  conftest.c >&5
configure:17563: $? = 0
configure:17566: result: yes
configure:17555: checking if gcc -std=gnu99 accepts -Wformat=2
configure:17563: gcc -std=gnu99 -c -g -O2 -Wformat=2  conftest.c >&5
configure:17563: $? = 0
configure:17566: result: yes
configure:17555: checking if gcc -std=gnu99 accepts -Winit-self
configure:17563: gcc -std=gnu99 -c -g -O2 -Winit-self  conftest.c >&5
configure:17563: $? = 0
configure:17566: result: yes
configure:17555: checking if gcc -std=gnu99 accepts -Wmissing-include-dirs
configure:17563: gcc -std=gnu99 -c -g -O2 -Wmissing-include-dirs  conftest.c >&5
configure:17563: $? = 0
configure:17566: result: yes
configure:17555: checking if gcc -std=gnu99 accepts -Wstrict-aliasing
configure:17563: gcc -std=gnu99 -c -g -O2 -Wstrict-aliasing  conftest.c >&5
configure:17563: $? = 0
configure:17566: result: yes
configure:17555: checking if gcc -std=gnu99 accepts -Wfloat-equal
configure:17563: gcc -std=gnu99 -c -g -O2 -Wfloat-equal  conftest.c >&5
configure:17563: $? = 0
configure:17566: result: yes
configure:17555: checking if gcc -std=gnu99 accepts -Wundef
configure:17563: gcc -std=gnu99 -c -g -O2 -Wundef  conftest.c >&5
configure:17563: $? = 0
configure:17566: result: yes
configure:17555: checking if gcc -std=gnu99 accepts -Wshadow
configure:17563: gcc -std=gnu99 -c -g -O2 -Wshadow  conftest.c >&5
configure:17563: $? = 0
configure:17566: result: yes
configure:17555: checking if gcc -std=gnu99 accepts -Wpointer-arith
configure:17563: gcc -std=gnu99 -c -g -O2 -Wpointer-arith  conftest.c >&5
configure:17563: $? = 0
configure:17566: result: yes
configure:17555: checking if gcc -std=gnu99 accepts -Wbad-function-cast
configure:17563: gcc -std=gnu99 -c -g -O2 -Wbad-function-cast  conftest.c >&5
configure:17563: $? = 0
configure:17566: result: yes
configure:17555: checking if gcc -std=gnu99 accepts -Wwrite-strings
configure:17563: gcc -std=gnu99 -c -g -O2 -Wwrite-strings  conftest.c >&5
configure:17563: $? = 0
configure:17566: result: yes
configure:17555: checking if gcc -std=gnu99 accepts -Wlogical-op
configure:17563: gcc -std=gnu99 -c -g -O2 -Wlogical-op  conftest.c >&5
configure:17563: $? = 0
configure:17566: result: yes
configure:17555: checking if gcc -std=gnu99 accepts -Waggregate-return
configure:17563: gcc -std=gnu99 -c -g -O2 -Waggregate-return  conftest.c >&5
configure:17563: $? = 0
configure:17566: result: yes
configure:17555: checking if gcc -std=gnu99 accepts -Wstrict-prototypes
configure:17563: gcc -std=gnu99 -c -g -O2 -Wstrict-prototypes  conftest.c >&5
configure:17563: $? = 0
configure:17566: result: yes
configure:17555: checking if gcc -std=gnu99 accepts -Wold-style-definition
configure:17563: gcc -std=gnu99 -c -g -O2 -Wold-style-definition  conftest.c >&5
configure:17563: $? = 0
configure:17566: result: yes
configure:17555: checking if gcc -std=gnu99 accepts -Wmissing-prototypes
configure:17563: gcc -std=gnu99 -c -g -O2 -Wmissing-prototypes  conftest.c >&5
conftest.c:69: warning: no previous prototype for 'foo'
configure:17563: $? = 0
configure:17566: result: yes
configure:17555: checking if gcc -std=gnu99 accepts -Wmissing-declarations
configure:17563: gcc -std=gnu99 -c -g -O2 -Wmissing-declarations  conftest.c >&5
conftest.c:69: warning: no previous declaration for 'foo'
configure:17563: $? = 0
configure:17566: result: yes
configure:17555: checking if gcc -std=gnu99 accepts -Wmissing-noreturn
configure:17563: gcc -std=gnu99 -c -g -O2 -Wmissing-noreturn  conftest.c >&5
configure:17563: $? = 0
configure:17566: result: yes
configure:17555: checking if gcc -std=gnu99 accepts -Wredundant-decls
configure:17563: gcc -std=gnu99 -c -g -O2 -Wredundant-decls  conftest.c >&5
configure:17563: $? = 0
configure:17566: result: yes
configure:17954: creating ./config.status

## ---------------------- ##
## Running config.status. ##
## ---------------------- ##

This file was extended by XZ Utils config.status 5.0.0, which was
generated by GNU Autoconf 2.68.  Invocation command line was

  CONFIG_FILES    = 
  CONFIG_HEADERS  = 
  CONFIG_LINKS    = 
  CONFIG_COMMANDS = 
  $ ./config.status 

on helium.cvpcs

config.status:1341: creating Doxyfile
config.status:1341: creating Makefile
config.status:1341: creating po/Makefile.in
config.status:1341: creating lib/Makefile
config.status:1341: creating src/Makefile
config.status:1341: creating src/liblzma/liblzma.pc
config.status:1341: creating src/liblzma/Makefile
config.status:1341: creating src/liblzma/api/Makefile
config.status:1341: creating src/xz/Makefile
config.status:1341: creating src/xzdec/Makefile
config.status:1341: creating src/lzmainfo/Makefile
config.status:1341: creating src/scripts/Makefile
config.status:1341: creating src/scripts/xzdiff
config.status:1341: creating src/scripts/xzgrep
config.status:1341: creating src/scripts/xzmore
config.status:1341: creating src/scripts/xzless
config.status:1341: creating tests/Makefile
config.status:1341: creating debug/Makefile
config.status:1341: creating config.h
config.status:1570: executing depfiles commands
config.status:1570: executing libtool commands
config.status:1570: executing po-directories commands

## ---------------- ##
## Cache variables. ##
## ---------------- ##

ac_cv_build=x86_64-unknown-linux-gnu
ac_cv_c_bigendian=no
ac_cv_c_compiler_gnu=yes
ac_cv_c_int32_t=yes
ac_cv_c_int64_t=yes
ac_cv_c_uint16_t=yes
ac_cv_c_uint32_t=yes
ac_cv_c_uint64_t=yes
ac_cv_c_uint8_t=yes
ac_cv_env_CCASFLAGS_set=
ac_cv_env_CCASFLAGS_value=
ac_cv_env_CCAS_set=
ac_cv_env_CCAS_value=
ac_cv_env_CC_set=
ac_cv_env_CC_value=
ac_cv_env_CFLAGS_set=
ac_cv_env_CFLAGS_value=
ac_cv_env_CPPFLAGS_set=
ac_cv_env_CPPFLAGS_value=
ac_cv_env_CPP_set=
ac_cv_env_CPP_value=
ac_cv_env_LDFLAGS_set=
ac_cv_env_LDFLAGS_value=
ac_cv_env_LIBS_set=
ac_cv_env_LIBS_value=
ac_cv_env_build_alias_set=
ac_cv_env_build_alias_value=
ac_cv_env_host_alias_set=
ac_cv_env_host_alias_value=
ac_cv_env_target_alias_set=
ac_cv_env_target_alias_value=
ac_cv_func_futimens=yes
ac_cv_func_getopt_long=yes
ac_cv_func_mbrtowc=yes
ac_cv_func_wcwidth=yes
ac_cv_have_decl_optreset=no
ac_cv_have_decl_program_invocation_name=yes
ac_cv_header_byteswap_h=yes
ac_cv_header_dlfcn_h=yes
ac_cv_header_fcntl_h=yes
ac_cv_header_getopt_h=yes
ac_cv_header_inttypes_h=yes
ac_cv_header_limits_h=yes
ac_cv_header_memory_h=yes
ac_cv_header_minix_config_h=no
ac_cv_header_stdbool_h=yes
ac_cv_header_stdc=yes
ac_cv_header_stdint_h=yes
ac_cv_header_stdlib_h=yes
ac_cv_header_string_h=yes
ac_cv_header_strings_h=yes
ac_cv_header_sys_param_h=yes
ac_cv_header_sys_stat_h=yes
ac_cv_header_sys_time_h=yes
ac_cv_header_sys_types_h=yes
ac_cv_header_unistd_h=yes
ac_cv_host=x86_64-unknown-linux-gnu
ac_cv_member_struct_stat_st_atim_st__tim_tv_nsec=no
ac_cv_member_struct_stat_st_atim_tv_nsec=yes
ac_cv_member_struct_stat_st_atimensec=no
ac_cv_member_struct_stat_st_atimespec_tv_nsec=no
ac_cv_member_struct_stat_st_uatime=no
ac_cv_objext=o
ac_cv_path_EGREP='/bin/grep -E'
ac_cv_path_FGREP='/bin/grep -F'
ac_cv_path_GMSGFMT=/usr/bin/gmsgfmt
ac_cv_path_GREP=/bin/grep
ac_cv_path_MSGFMT=/usr/bin/msgfmt
ac_cv_path_MSGMERGE=/usr/bin/msgmerge
ac_cv_path_SED=/bin/sed
ac_cv_path_XGETTEXT=/usr/bin/xgettext
ac_cv_path_install='/usr/bin/install -c'
ac_cv_path_mkdir=/bin/mkdir
ac_cv_prog_AWK=gawk
ac_cv_prog_CPP='gcc -std=gnu99 -E'
ac_cv_prog_ac_ct_AR=ar
ac_cv_prog_ac_ct_CC=gcc
ac_cv_prog_ac_ct_OBJDUMP=objdump
ac_cv_prog_ac_ct_RANLIB=ranlib
ac_cv_prog_ac_ct_STRIP=strip
ac_cv_prog_cc_c89=
ac_cv_prog_cc_c99=-std=gnu99
ac_cv_prog_cc_g=yes
ac_cv_prog_cc_gcc_c_o=yes
ac_cv_prog_make_make_set=yes
ac_cv_safe_to_define___extensions__=yes
ac_cv_sizeof_size_t=8
ac_cv_sys_file_offset_bits=no
ac_cv_sys_largefile_CC=no
ac_cv_type__Bool=yes
ac_cv_type_uintptr_t=yes
acl_cv_hardcode_direct=no
acl_cv_hardcode_libdir_flag_spec='${wl}-rpath ${wl}$libdir'
acl_cv_hardcode_libdir_separator=
acl_cv_hardcode_minus_L=no
acl_cv_libext=a
acl_cv_path_LD='/usr/x86_64-pc-linux-gnu/bin/ld -m elf_x86_64'
acl_cv_prog_gnu_ld=yes
acl_cv_rpath=done
acl_cv_shlibext=so
acl_cv_wl=-Wl,
am_cv_CCAS_dependencies_compiler_type=gcc3
am_cv_CC_dependencies_compiler_type=gcc3
gl_cv_cc_visibility=yes
gl_cv_posix_shell=/bin/sh
gt_cv_func_CFLocaleCopyCurrent=no
gt_cv_func_CFPreferencesCopyAppValue=no
lt_cv_ar_at_file=@
lt_cv_archive_cmds_need_lc=no
lt_cv_deplibs_check_method=pass_all
lt_cv_file_magic_cmd='$MAGIC_CMD'
lt_cv_file_magic_test_file=
lt_cv_ld_reload_flag=-r
lt_cv_nm_interface='BSD nm'
lt_cv_objdir=.libs
lt_cv_path_LD=/usr/x86_64-pc-linux-gnu/bin/ld
lt_cv_path_NM='/usr/bin/nm -B'
lt_cv_path_mainfest_tool=no
lt_cv_prog_compiler_c_o=yes
lt_cv_prog_compiler_c_o_RC=yes
lt_cv_prog_compiler_pic='-fPIC -DPIC'
lt_cv_prog_compiler_pic_works=yes
lt_cv_prog_compiler_rtti_exceptions=no
lt_cv_prog_compiler_static_works=yes
lt_cv_prog_gnu_ld=yes
lt_cv_sharedlib_from_linklib_cmd='printf %s\n'
lt_cv_shlibpath_overrides_runpath=yes
lt_cv_sys_global_symbol_pipe='sed -n -e '\''s/^.*[	 ]\([ABCDGIRSTW][ABCDGIRSTW]*\)[	 ][	 ]*\([_A-Za-z][_A-Za-z0-9]*\)$/\1 \2 \2/p'\'' | sed '\''/ __gnu_lto/d'\'''
lt_cv_sys_global_symbol_to_c_name_address='sed -n -e '\''s/^: \([^ ]*\)[ ]*$/  {\"\1\", (void *) 0},/p'\'' -e '\''s/^[ABCDGIRSTW]* \([^ ]*\) \([^ ]*\)$/  {"\2", (void *) \&\2},/p'\'''
lt_cv_sys_global_symbol_to_c_name_address_lib_prefix='sed -n -e '\''s/^: \([^ ]*\)[ ]*$/  {\"\1\", (void *) 0},/p'\'' -e '\''s/^[ABCDGIRSTW]* \([^ ]*\) \(lib[^ ]*\)$/  {"\2", (void *) \&\2},/p'\'' -e '\''s/^[ABCDGIRSTW]* \([^ ]*\) \([^ ]*\)$/  {"lib\2", (void *) \&\2},/p'\'''
lt_cv_sys_global_symbol_to_cdecl='sed -n -e '\''s/^T .* \(.*\)$/extern int \1();/p'\'' -e '\''s/^[ABCDGIRSTW]* .* \(.*\)$/extern char \1;/p'\'''
lt_cv_sys_max_cmd_len=1572864
lt_cv_to_host_file_cmd=func_convert_file_noop
lt_cv_to_tool_file_cmd=func_convert_file_noop
tuklib_cv_cpucores_method=sysconf
tuklib_cv_physmem_method=sysconf

## ----------------- ##
## Output variables. ##
## ----------------- ##

ACLOCAL='${SHELL} /home/audicken/Downloads/xz-5.0.0/build-aux/missing --run aclocal-1.11'
AMDEPBACKSLASH='\'
AMDEP_FALSE='#'
AMDEP_TRUE=''
AMTAR='${SHELL} /home/audicken/Downloads/xz-5.0.0/build-aux/missing --run tar'
AM_CFLAGS=' -fvisibility=hidden -Wall -Wextra -Wformat=2 -Winit-self -Wmissing-include-dirs -Wstrict-aliasing -Wfloat-equal -Wundef -Wshadow -Wpointer-arith -Wbad-function-cast -Wwrite-strings -Wlogical-op -Waggregate-return -Wstrict-prototypes -Wold-style-definition -Wmissing-prototypes -Wmissing-declarations -Wmissing-noreturn -Wredundant-decls'
AR='ar'
AS='as'
AUTOCONF='${SHELL} /home/audicken/Downloads/xz-5.0.0/build-aux/missing --run autoconf'
AUTOHEADER='${SHELL} /home/audicken/Downloads/xz-5.0.0/build-aux/missing --run autoheader'
AUTOMAKE='${SHELL} /home/audicken/Downloads/xz-5.0.0/build-aux/missing --run automake-1.11'
AWK='gawk'
CC='gcc -std=gnu99'
CCAS='gcc -std=gnu99'
CCASDEPMODE='depmode=gcc3'
CCASFLAGS='-g -O2'
CCDEPMODE='depmode=gcc3'
CFLAGS='-g -O2'
CFLAG_VISIBILITY='-fvisibility=hidden'
COND_ASM_X86_64_FALSE=''
COND_ASM_X86_64_TRUE='#'
COND_ASM_X86_FALSE=''
COND_ASM_X86_TRUE='#'
COND_CHECK_CRC32_FALSE='#'
COND_CHECK_CRC32_TRUE=''
COND_CHECK_CRC64_FALSE='#'
COND_CHECK_CRC64_TRUE=''
COND_CHECK_SHA256_FALSE='#'
COND_CHECK_SHA256_TRUE=''
COND_DECODER_ARMTHUMB_FALSE=''
COND_DECODER_ARMTHUMB_TRUE='#'
COND_DECODER_ARM_FALSE='#'
COND_DECODER_ARM_TRUE=''
COND_DECODER_DELTA_FALSE=''
COND_DECODER_DELTA_TRUE='#'
COND_DECODER_IA64_FALSE=''
COND_DECODER_IA64_TRUE='#'
COND_DECODER_LZMA1_FALSE='#'
COND_DECODER_LZMA1_TRUE=''
COND_DECODER_LZMA2_FALSE='#'
COND_DECODER_LZMA2_TRUE=''
COND_DECODER_LZ_FALSE='#'
COND_DECODER_LZ_TRUE=''
COND_DECODER_POWERPC_FALSE=''
COND_DECODER_POWERPC_TRUE='#'
COND_DECODER_SIMPLE_FALSE='#'
COND_DECODER_SIMPLE_TRUE=''
COND_DECODER_SPARC_FALSE=''
COND_DECODER_SPARC_TRUE='#'
COND_DECODER_X86_FALSE=''
COND_DECODER_X86_TRUE='#'
COND_ENCODER_ARMTHUMB_FALSE=''
COND_ENCODER_ARMTHUMB_TRUE='#'
COND_ENCODER_ARM_FALSE='#'
COND_ENCODER_ARM_TRUE=''
COND_ENCODER_DELTA_FALSE=''
COND_ENCODER_DELTA_TRUE='#'
COND_ENCODER_IA64_FALSE=''
COND_ENCODER_IA64_TRUE='#'
COND_ENCODER_LZMA1_FALSE='#'
COND_ENCODER_LZMA1_TRUE=''
COND_ENCODER_LZMA2_FALSE='#'
COND_ENCODER_LZMA2_TRUE=''
COND_ENCODER_LZ_FALSE='#'
COND_ENCODER_LZ_TRUE=''
COND_ENCODER_POWERPC_FALSE=''
COND_ENCODER_POWERPC_TRUE='#'
COND_ENCODER_SIMPLE_FALSE='#'
COND_ENCODER_SIMPLE_TRUE=''
COND_ENCODER_SPARC_FALSE=''
COND_ENCODER_SPARC_TRUE='#'
COND_ENCODER_X86_FALSE=''
COND_ENCODER_X86_TRUE='#'
COND_FILTER_ARMTHUMB_FALSE=''
COND_FILTER_ARMTHUMB_TRUE='#'
COND_FILTER_ARM_FALSE='#'
COND_FILTER_ARM_TRUE=''
COND_FILTER_DELTA_FALSE=''
COND_FILTER_DELTA_TRUE='#'
COND_FILTER_IA64_FALSE=''
COND_FILTER_IA64_TRUE='#'
COND_FILTER_LZMA1_FALSE='#'
COND_FILTER_LZMA1_TRUE=''
COND_FILTER_LZMA2_FALSE='#'
COND_FILTER_LZMA2_TRUE=''
COND_FILTER_LZ_FALSE='#'
COND_FILTER_LZ_TRUE=''
COND_FILTER_POWERPC_FALSE=''
COND_FILTER_POWERPC_TRUE='#'
COND_FILTER_SIMPLE_FALSE='#'
COND_FILTER_SIMPLE_TRUE=''
COND_FILTER_SPARC_FALSE=''
COND_FILTER_SPARC_TRUE='#'
COND_FILTER_X86_FALSE=''
COND_FILTER_X86_TRUE='#'
COND_GNULIB_FALSE=''
COND_GNULIB_TRUE='#'
COND_LZMADEC_FALSE=''
COND_LZMADEC_TRUE='#'
COND_LZMAINFO_FALSE=''
COND_LZMAINFO_TRUE='#'
COND_LZMALINKS_FALSE=''
COND_LZMALINKS_TRUE='#'
COND_MAIN_DECODER_FALSE='#'
COND_MAIN_DECODER_TRUE=''
COND_MAIN_ENCODER_FALSE='#'
COND_MAIN_ENCODER_TRUE=''
COND_SCRIPTS_FALSE=''
COND_SCRIPTS_TRUE='#'
COND_SHARED_FALSE='#'
COND_SHARED_TRUE=''
COND_SMALL_FALSE='#'
COND_SMALL_TRUE=''
COND_W32_FALSE=''
COND_W32_TRUE='#'
COND_XZDEC_FALSE=''
COND_XZDEC_TRUE='#'
COND_XZ_FALSE=''
COND_XZ_TRUE='#'
CPP='gcc -std=gnu99 -E'
CPPFLAGS=''
CYGPATH_W='echo'
DEFS='-DHAVE_CONFIG_H'
DEPDIR='.deps'
DLLTOOL='false'
DSYMUTIL=''
DUMPBIN=''
ECHO_C=''
ECHO_N='-n'
ECHO_T=''
EGREP='/bin/grep -E'
EXEEXT=''
FGREP='/bin/grep -F'
GETOPT_H=''
GMSGFMT='/usr/bin/gmsgfmt'
GMSGFMT_015='/usr/bin/gmsgfmt'
GREP='/bin/grep'
HAVE_VISIBILITY='1'
INSTALL_DATA='${INSTALL} -m 644'
INSTALL_PROGRAM='${INSTALL}'
INSTALL_SCRIPT='${INSTALL}'
INSTALL_STRIP_PROGRAM='$(install_sh) -c -s'
INTLLIBS=''
INTL_MACOSX_LIBS=''
LD='/usr/x86_64-pc-linux-gnu/bin/ld -m elf_x86_64'
LDFLAGS=''
LIBICONV='-liconv'
LIBINTL=''
LIBOBJS=''
LIBS=''
LIBTOOL='$(SHELL) $(top_builddir)/libtool'
LIPO=''
LN_EXEEXT='$(EXEEXT)'
LN_S='ln -s'
LTLIBICONV='-liconv'
LTLIBINTL=''
LTLIBOBJS=''
MAKEINFO='${SHELL} /home/audicken/Downloads/xz-5.0.0/build-aux/missing --run makeinfo'
MANIFEST_TOOL=':'
MKDIR_P='/bin/mkdir -p'
MSGFMT='/usr/bin/msgfmt'
MSGFMT_015='/usr/bin/msgfmt'
MSGMERGE='/usr/bin/msgmerge'
NM='/usr/bin/nm -B'
NMEDIT=''
OBJDUMP='objdump'
OBJEXT='o'
OTOOL64=''
OTOOL=''
PACKAGE='xz'
PACKAGE_BUGREPORT='lasse.collin@tukaani.org'
PACKAGE_NAME='XZ Utils'
PACKAGE_STRING='XZ Utils 5.0.0'
PACKAGE_TARNAME='xz'
PACKAGE_URL='http://tukaani.org/xz/'
PACKAGE_VERSION='5.0.0'
PATH_SEPARATOR=':'
POSIX_SHELL='/bin/sh'
POSUB=''
PREFERABLY_POSIX_SHELL='/bin/sh'
PTHREAD_CC=''
PTHREAD_CFLAGS=''
PTHREAD_LIBS=''
RANLIB='ranlib'
RC=''
SED='/bin/sed'
SET_MAKE=''
SHELL='/bin/sh'
STRIP='strip'
USE_NLS='no'
VERSION='5.0.0'
XGETTEXT='/usr/bin/xgettext'
XGETTEXT_015='/usr/bin/xgettext'
ac_ct_AR='ar'
ac_ct_CC='gcc'
ac_ct_DUMPBIN=''
acx_pthread_config=''
am__EXEEXT_FALSE=''
am__EXEEXT_TRUE='#'
am__fastdepCCAS_FALSE='#'
am__fastdepCCAS_TRUE=''
am__fastdepCC_FALSE='#'
am__fastdepCC_TRUE=''
am__include='include'
am__isrc=''
am__leading_dot='.'
am__quote=''
am__tar='${AMTAR} chof - "$$tardir"'
am__untar='${AMTAR} xf -'
bindir='${exec_prefix}/bin'
build='x86_64-unknown-linux-gnu'
build_alias=''
build_cpu='x86_64'
build_os='linux-gnu'
build_vendor='unknown'
datadir='${datarootdir}'
datarootdir='${prefix}/share'
docdir='${datarootdir}/doc/${PACKAGE_TARNAME}'
dvidir='${docdir}'
exec_prefix='${prefix}'
host='x86_64-unknown-linux-gnu'
host_alias=''
host_cpu='x86_64'
host_os='linux-gnu'
host_vendor='unknown'
htmldir='${docdir}'
includedir='${prefix}/include'
infodir='${datarootdir}/info'
install_sh='${SHELL} /home/audicken/Downloads/xz-5.0.0/build-aux/install-sh'
libdir='${exec_prefix}/lib'
libexecdir='${exec_prefix}/libexec'
localedir='${datarootdir}/locale'
localstatedir='${prefix}/var'
mandir='${datarootdir}/man'
mkdir_p='/bin/mkdir -p'
oldincludedir='/usr/include'
pdfdir='${docdir}'
prefix='/usr/local'
program_transform_name='s,x,x,'
psdir='${docdir}'
sbindir='${exec_prefix}/sbin'
sharedstatedir='${prefix}/com'
sysconfdir='${prefix}/etc'
target_alias=''
xz='xz'

## ----------- ##
## confdefs.h. ##
## ----------- ##

/* confdefs.h */
#define PACKAGE_NAME "XZ Utils"
#define PACKAGE_TARNAME "xz"
#define PACKAGE_VERSION "5.0.0"
#define PACKAGE_STRING "XZ Utils 5.0.0"
#define PACKAGE_BUGREPORT "lasse.collin@tukaani.org"
#define PACKAGE_URL "http://tukaani.org/xz/"
#define NDEBUG 1
#define HAVE_ENCODER_ARM 1
#define HAVE_ENCODER_LZMA1 1
#define HAVE_ENCODER_LZMA2 1
#define HAVE_DECODER_ARM 1
#define HAVE_DECODER_LZMA1 1
#define HAVE_DECODER_LZMA2 1
#define HAVE_MF_HC3 1
#define HAVE_MF_HC4 1
#define HAVE_MF_BT2 1
#define HAVE_MF_BT3 1
#define HAVE_MF_BT4 1
#define HAVE_CHECK_CRC32 1
#define HAVE_CHECK_CRC64 1
#define HAVE_CHECK_SHA256 1
#define HAVE_SMALL 1
#define ASSUME_RAM 128
#define PACKAGE "xz"
#define VERSION "5.0.0"
#define STDC_HEADERS 1
#define HAVE_SYS_TYPES_H 1
#define HAVE_SYS_STAT_H 1
#define HAVE_STDLIB_H 1
#define HAVE_STRING_H 1
#define HAVE_MEMORY_H 1
#define HAVE_STRINGS_H 1
#define HAVE_INTTYPES_H 1
#define HAVE_STDINT_H 1
#define HAVE_UNISTD_H 1
#define __EXTENSIONS__ 1
#define _ALL_SOURCE 1
#define _GNU_SOURCE 1
#define _POSIX_PTHREAD_SEMANTICS 1
#define _TANDEM_SOURCE 1
#define HAVE_DLFCN_H 1
#define LT_OBJDIR ".libs/"
#define HAVE_FCNTL_H 1
#define HAVE_LIMITS_H 1
#define HAVE_SYS_TIME_H 1
#define HAVE__BOOL 1
#define HAVE_STDBOOL_H 1
#define HAVE_UINTPTR_T 1
#define SIZEOF_SIZE_T 8
#define HAVE_STRUCT_STAT_ST_ATIM_TV_NSEC 1
#define HAVE_GETOPT_H 1
#define HAVE_GETOPT_LONG 1
#define HAVE_FUTIMENS 1
#define HAVE_DECL_PROGRAM_INVOCATION_NAME 1
#define HAVE_BYTESWAP_H 1
#define HAVE_BSWAP_16 1
#define HAVE_BSWAP_32 1
#define HAVE_BSWAP_64 1
#define TUKLIB_FAST_UNALIGNED_ACCESS 1
#define HAVE_SYS_PARAM_H 1
#define TUKLIB_PHYSMEM_SYSCONF 1
#define HAVE_SYS_PARAM_H 1
#define TUKLIB_CPUCORES_SYSCONF 1
#define HAVE_MBRTOWC 1
#define HAVE_WCWIDTH 1
#define HAVE_VISIBILITY 1

configure: exit 0
